#! /c/Source/iverilog-install/bin/vvp
:ivl_version "12.0 (devel)" "(s20150603-1539-g2693dd32b)";
:ivl_delay_selection "TYPICAL";
:vpi_time_precision - 12;
:vpi_module "C:\iverilog\lib\ivl\system.vpi";
:vpi_module "C:\iverilog\lib\ivl\vhdl_sys.vpi";
:vpi_module "C:\iverilog\lib\ivl\vhdl_textio.vpi";
:vpi_module "C:\iverilog\lib\ivl\v2005_math.vpi";
:vpi_module "C:\iverilog\lib\ivl\va_math.vpi";
:vpi_module "C:\iverilog\lib\ivl\v2009.vpi";
S_000001e04d0ca3e0 .scope package, "$unit" "$unit" 2 1;
 .timescale 0 0;
S_000001e04d0978d0 .scope module, "sqrt2_tb" "sqrt2_tb" 3 22;
 .timescale -9 -12;
o000001e04d123918 .functor BUFZ 16, C4<zzzzzzzzzzzzzzzz>; HiZ drive
; Elide local net with no drivers, v000001e04d179680_0 name=_ivl_0
v000001e04d179540_0 .var "clk", 0 0;
v000001e04d17a120_0 .var "data_in", 15 0;
v000001e04d17a4e0_0 .var "drive_input", 0 0;
v000001e04d179a40_0 .var "enable", 0 0;
v000001e04d179fe0_0 .var "errors", 31 0;
RS_000001e04d121b48 .resolv tri, L_000001e04d179220, L_000001e04d17a3a0;
v000001e04d179720_0 .net8 "io_data", 15 0, RS_000001e04d121b48;  2 drivers
v000001e04d17ada0_0 .net "is_nan", 0 0, L_000001e04d0bcb60;  1 drivers
v000001e04d17a080_0 .net "is_ninf", 0 0, L_000001e04d0bc310;  1 drivers
v000001e04d179ae0_0 .net "is_pinf", 0 0, L_000001e04d0bd030;  1 drivers
v000001e04d179f40_0 .net "result", 0 0, L_000001e04d0bc850;  1 drivers
v000001e04d17ad00_0 .var "test_count", 31 0;
L_000001e04d179220 .functor MUXZ 16, o000001e04d123918, v000001e04d17a120_0, v000001e04d17a4e0_0, C4<>;
S_000001e04d1204a0 .scope module, "dut" "sqrt2" 3 35, 4 3 0, S_000001e04d0978d0;
 .timescale -9 -12;
    .port_info 0 /INOUT 16 "IO_DATA";
    .port_info 1 /OUTPUT 1 "IS_NAN";
    .port_info 2 /OUTPUT 1 "IS_PINF";
    .port_info 3 /OUTPUT 1 "IS_NINF";
    .port_info 4 /OUTPUT 1 "RESULT";
    .port_info 5 /INPUT 1 "CLK";
    .port_info 6 /INPUT 1 "ENABLE";
L_000001e04d0bc620 .functor AND 1, v000001e04d176ce0_0, v000001e04d176240_0, C4<1>, C4<1>;
L_000001e04d0bc850 .functor BUFZ 1, v000001e04d176240_0, C4<0>, C4<0>, C4<0>;
L_000001e04d0bcb60 .functor BUFZ 1, v000001e04d1750c0_0, C4<0>, C4<0>, C4<0>;
L_000001e04d0bd030 .functor BUFZ 1, v000001e04d175980_0, C4<0>, C4<0>, C4<0>;
L_000001e04d0bc310 .functor BUFZ 1, v000001e04d176d80_0, C4<0>, C4<0>, C4<0>;
v000001e04d177b70_0 .net "CLK", 0 0, v000001e04d179540_0;  1 drivers
v000001e04d178570_0 .net "ENABLE", 0 0, v000001e04d179a40_0;  1 drivers
v000001e04d177ad0_0 .net8 "IO_DATA", 15 0, RS_000001e04d121b48;  alias, 2 drivers
v000001e04d177e90_0 .net "IS_NAN", 0 0, L_000001e04d0bcb60;  alias, 1 drivers
v000001e04d177490_0 .net "IS_NINF", 0 0, L_000001e04d0bc310;  alias, 1 drivers
v000001e04d1778f0_0 .net "IS_PINF", 0 0, L_000001e04d0bd030;  alias, 1 drivers
v000001e04d1787f0_0 .net "RESULT", 0 0, L_000001e04d0bc850;  alias, 1 drivers
o000001e04d123648 .functor BUFZ 16, C4<zzzzzzzzzzzzzzzz>; HiZ drive
; Elide local net with no drivers, v000001e04d1777b0_0 name=_ivl_2
v000001e04d177530_0 .net "drive_output", 0 0, L_000001e04d0bc620;  1 drivers
v000001e04d1786b0_0 .net/s "iter_exp", 6 0, v000001e04d1725e0_0;  1 drivers
v000001e04d177a30_0 .net "iter_is_nan", 0 0, v000001e04d172540_0;  1 drivers
v000001e04d178610_0 .net "iter_is_ninf", 0 0, v000001e04d172a40_0;  1 drivers
v000001e04d1770d0_0 .net "iter_is_pinf", 0 0, v000001e04d172360_0;  1 drivers
v000001e04d178430_0 .net "iter_mant", 10 0, v000001e04d172900_0;  1 drivers
v000001e04d177c10_0 .net "iter_result", 0 0, v000001e04d1727c0_0;  1 drivers
v000001e04d178a70_0 .net "iter_sign", 0 0, v000001e04d171c80_0;  1 drivers
v000001e04d177cb0_0 .net "iter_valid", 0 0, v000001e04d171820_0;  1 drivers
v000001e04d177170_0 .net "load_exp", 4 0, v000001e04d171000_0;  1 drivers
v000001e04d177f30_0 .net "load_mant", 9 0, v000001e04d171140_0;  1 drivers
v000001e04d177d50_0 .net "load_sign", 0 0, v000001e04d1711e0_0;  1 drivers
v000001e04d177210_0 .net "load_valid", 0 0, v000001e04d171280_0;  1 drivers
v000001e04d177990_0 .net/s "norm_exp", 6 0, v000001e04d172f70_0;  1 drivers
v000001e04d1772b0_0 .net "norm_is_nan", 0 0, v000001e04d173790_0;  1 drivers
v000001e04d178930_0 .net "norm_is_ninf", 0 0, v000001e04d173830_0;  1 drivers
v000001e04d1789d0_0 .net "norm_is_num", 0 0, v000001e04d174e10_0;  1 drivers
v000001e04d178c50_0 .net "norm_is_pinf", 0 0, v000001e04d1738d0_0;  1 drivers
v000001e04d177fd0_0 .net "norm_mant", 10 0, v000001e04d174690_0;  1 drivers
v000001e04d178070_0 .net "norm_sign", 0 0, v000001e04d174c30_0;  1 drivers
v000001e04d1775d0_0 .net "norm_valid", 0 0, v000001e04d1747d0_0;  1 drivers
v000001e04d177350_0 .net "pack_data", 15 0, v000001e04d175ca0_0;  1 drivers
v000001e04d1773f0_0 .net "pack_is_nan", 0 0, v000001e04d1750c0_0;  1 drivers
v000001e04d177670_0 .net "pack_is_ninf", 0 0, v000001e04d176d80_0;  1 drivers
v000001e04d178d90_0 .net "pack_is_pinf", 0 0, v000001e04d175980_0;  1 drivers
v000001e04d176f90_0 .net "pack_result", 0 0, v000001e04d176240_0;  1 drivers
v000001e04d178110_0 .net "pack_valid", 0 0, v000001e04d176ce0_0;  1 drivers
v000001e04d1781b0_0 .net "spec_exp", 4 0, v000001e04d1752a0_0;  1 drivers
v000001e04d178250_0 .net "spec_is_nan", 0 0, v000001e04d176060_0;  1 drivers
v000001e04d1782f0_0 .net "spec_is_ninf", 0 0, v000001e04d1766a0_0;  1 drivers
v000001e04d1784d0_0 .net "spec_is_normal", 0 0, v000001e04d175480_0;  1 drivers
v000001e04d178390_0 .net "spec_is_pinf", 0 0, v000001e04d175660_0;  1 drivers
v000001e04d178cf0_0 .net "spec_is_subnormal", 0 0, v000001e04d1764c0_0;  1 drivers
v000001e04d177030_0 .net "spec_mant", 9 0, v000001e04d175700_0;  1 drivers
v000001e04d178750_0 .net "spec_sign", 0 0, v000001e04d178e30_0;  1 drivers
v000001e04d177710_0 .net "spec_valid", 0 0, v000001e04d1757a0_0;  1 drivers
L_000001e04d17a3a0 .functor MUXZ 16, o000001e04d123648, v000001e04d175ca0_0, L_000001e04d0bc620, C4<>;
S_000001e04d07e7d0 .scope module, "iterate_inst" "iterate" 4 110, 5 3 0, S_000001e04d1204a0;
 .timescale -9 -12;
    .port_info 0 /INPUT 1 "clk";
    .port_info 1 /INPUT 1 "enable";
    .port_info 2 /INPUT 1 "n_valid";
    .port_info 3 /INPUT 1 "is_nan_in";
    .port_info 4 /INPUT 1 "is_pinf_in";
    .port_info 5 /INPUT 1 "is_ninf_in";
    .port_info 6 /INPUT 1 "is_num";
    .port_info 7 /INPUT 1 "sign_in";
    .port_info 8 /INPUT 11 "mant_in";
    .port_info 9 /INPUT 7 "exp_in";
    .port_info 10 /OUTPUT 1 "it_valid";
    .port_info 11 /OUTPUT 1 "result";
    .port_info 12 /OUTPUT 1 "sign_out";
    .port_info 13 /OUTPUT 7 "exp_out";
    .port_info 14 /OUTPUT 11 "mant_out";
    .port_info 15 /OUTPUT 1 "is_nan_out";
    .port_info 16 /OUTPUT 1 "is_pinf_out";
    .port_info 17 /OUTPUT 1 "is_ninf_out";
P_000001e04d114850 .param/l "ITER_MAX" 1 5 29, +C4<00000000000000000000000000001011>;
L_000001e04d0bcee0 .functor AND 1, L_000001e04d1d4940, L_000001e04d1d4120, C4<1>, C4<1>;
v000001e04d0b77c0_0 .net *"_ivl_1", 10 0, L_000001e04d17a940;  1 drivers
v000001e04d0b6460_0 .net *"_ivl_11", 20 0, L_000001e04d1d5ac0;  1 drivers
v000001e04d0b6140_0 .net *"_ivl_13", 1 0, L_000001e04d1d4c60;  1 drivers
v000001e04d0b6000_0 .net *"_ivl_16", 0 0, L_000001e04d1d49e0;  1 drivers
v000001e04d0b5ba0_0 .net *"_ivl_19", 10 0, L_000001e04d1d5b60;  1 drivers
L_000001e04d17b550 .functor BUFT 1, C4<01>, C4<0>, C4<0>, C4<0>;
v000001e04d0b6280_0 .net/2u *"_ivl_2", 1 0, L_000001e04d17b550;  1 drivers
L_000001e04d17b5e0 .functor BUFT 1, C4<1>, C4<0>, C4<0>, C4<0>;
v000001e04d0b6320_0 .net/2u *"_ivl_20", 0 0, L_000001e04d17b5e0;  1 drivers
v000001e04d0b63c0_0 .net *"_ivl_22", 11 0, L_000001e04d1d4800;  1 drivers
v000001e04d0b6500_0 .net *"_ivl_25", 10 0, L_000001e04d1d4300;  1 drivers
L_000001e04d17b628 .functor BUFT 1, C4<0>, C4<0>, C4<0>, C4<0>;
v000001e04d0b68c0_0 .net/2u *"_ivl_26", 0 0, L_000001e04d17b628;  1 drivers
v000001e04d0b6820_0 .net *"_ivl_28", 11 0, L_000001e04d1d4760;  1 drivers
L_000001e04d17b670 .functor BUFT 1, C4<1110001>, C4<0>, C4<0>, C4<0>;
v000001e04d0b6aa0_0 .net/2s *"_ivl_32", 6 0, L_000001e04d17b670;  1 drivers
v000001e04d0b65a0_0 .net *"_ivl_34", 0 0, L_000001e04d1d4940;  1 drivers
L_000001e04d17b6b8 .functor BUFT 1, C4<00000000000>, C4<0>, C4<0>, C4<0>;
v000001e04d0b6960_0 .net/2u *"_ivl_36", 10 0, L_000001e04d17b6b8;  1 drivers
v000001e04d0b6a00_0 .net *"_ivl_38", 0 0, L_000001e04d1d4120;  1 drivers
v000001e04d0b6b40_0 .net *"_ivl_4", 12 0, L_000001e04d17aa80;  1 drivers
L_000001e04d17b598 .functor BUFT 1, C4<0000000000>, C4<0>, C4<0>, C4<0>;
v000001e04d0a7c90_0 .net *"_ivl_9", 9 0, L_000001e04d17b598;  1 drivers
v000001e04d0a7e70_0 .var "active", 0 0;
v000001e04d171780_0 .net "clk", 0 0, v000001e04d179540_0;  alias, 1 drivers
v000001e04d172680_0 .net "enable", 0 0, v000001e04d179a40_0;  alias, 1 drivers
v000001e04d1720e0_0 .net/s "exp_in", 6 0, v000001e04d172f70_0;  alias, 1 drivers
v000001e04d1725e0_0 .var/s "exp_out", 6 0;
v000001e04d171a00_0 .net "is_nan_in", 0 0, v000001e04d173790_0;  alias, 1 drivers
v000001e04d172540_0 .var "is_nan_out", 0 0;
v000001e04d171b40_0 .net "is_ninf_in", 0 0, v000001e04d173830_0;  alias, 1 drivers
v000001e04d172a40_0 .var "is_ninf_out", 0 0;
v000001e04d171aa0_0 .net "is_num", 0 0, v000001e04d174e10_0;  alias, 1 drivers
v000001e04d172720_0 .net "is_pinf_in", 0 0, v000001e04d1738d0_0;  alias, 1 drivers
v000001e04d172360_0 .var "is_pinf_out", 0 0;
v000001e04d171e60_0 .var "is_special", 0 0;
v000001e04d172cc0_0 .net "is_zero", 0 0, L_000001e04d0bcee0;  1 drivers
v000001e04d171820_0 .var "it_valid", 0 0;
v000001e04d172b80_0 .var "iter_left", 3 0;
v000001e04d172c20_0 .net "mant_in", 10 0, v000001e04d174690_0;  alias, 1 drivers
v000001e04d172900_0 .var "mant_out", 10 0;
v000001e04d172220_0 .net "n_valid", 0 0, v000001e04d1747d0_0;  alias, 1 drivers
v000001e04d1724a0_0 .var "radicand", 33 0;
v000001e04d1710a0_0 .var "remainder", 22 0;
v000001e04d1715a0_0 .net "remainder_next", 22 0, L_000001e04d1d5660;  1 drivers
v000001e04d1727c0_0 .var "result", 0 0;
v000001e04d1713c0_0 .var "root", 11 0;
v000001e04d171500_0 .net "root_next", 11 0, L_000001e04d1d4080;  1 drivers
v000001e04d170f60_0 .net "sign_in", 0 0, v000001e04d174c30_0;  alias, 1 drivers
v000001e04d171c80_0 .var "sign_out", 0 0;
v000001e04d172040_0 .var "stored_is_nan", 0 0;
v000001e04d1722c0_0 .var "stored_is_ninf", 0 0;
v000001e04d172d60_0 .var "stored_is_pinf", 0 0;
v000001e04d172180_0 .net "trial_comb", 22 0, L_000001e04d17ab20;  1 drivers
v000001e04d172400_0 .var/s "work_exp", 6 0;
v000001e04d171320_0 .var "work_mant", 11 0;
E_000001e04d1145d0 .event posedge, v000001e04d171780_0;
L_000001e04d17a940 .part v000001e04d1713c0_0, 0, 11;
L_000001e04d17aa80 .concat [ 2 11 0 0], L_000001e04d17b550, L_000001e04d17a940;
L_000001e04d17ab20 .concat [ 13 10 0 0], L_000001e04d17aa80, L_000001e04d17b598;
L_000001e04d1d5ac0 .part v000001e04d1710a0_0, 0, 21;
L_000001e04d1d4c60 .part v000001e04d1724a0_0, 32, 2;
L_000001e04d1d5660 .concat [ 2 21 0 0], L_000001e04d1d4c60, L_000001e04d1d5ac0;
L_000001e04d1d49e0 .cmp/ge 23, L_000001e04d1d5660, L_000001e04d17ab20;
L_000001e04d1d5b60 .part v000001e04d1713c0_0, 0, 11;
L_000001e04d1d4800 .concat [ 1 11 0 0], L_000001e04d17b5e0, L_000001e04d1d5b60;
L_000001e04d1d4300 .part v000001e04d1713c0_0, 0, 11;
L_000001e04d1d4760 .concat [ 1 11 0 0], L_000001e04d17b628, L_000001e04d1d4300;
L_000001e04d1d4080 .functor MUXZ 12, L_000001e04d1d4760, L_000001e04d1d4800, L_000001e04d1d49e0, C4<>;
L_000001e04d1d4940 .cmp/eq 7, v000001e04d172f70_0, L_000001e04d17b670;
L_000001e04d1d4120 .cmp/eq 11, v000001e04d174690_0, L_000001e04d17b6b8;
S_000001e04d070c70 .scope module, "load_inst" "load" 4 61, 6 2 0, S_000001e04d1204a0;
 .timescale -9 -12;
    .port_info 0 /INPUT 1 "clk";
    .port_info 1 /INPUT 1 "enable";
    .port_info 2 /INPUT 16 "data";
    .port_info 3 /OUTPUT 1 "sign";
    .port_info 4 /OUTPUT 5 "exp";
    .port_info 5 /OUTPUT 10 "mant";
    .port_info 6 /OUTPUT 1 "valid";
v000001e04d1729a0_0 .net "clk", 0 0, v000001e04d179540_0;  alias, 1 drivers
v000001e04d172ae0_0 .net8 "data", 15 0, RS_000001e04d121b48;  alias, 2 drivers
v000001e04d172e00_0 .net "enable", 0 0, v000001e04d179a40_0;  alias, 1 drivers
v000001e04d171000_0 .var "exp", 4 0;
v000001e04d171140_0 .var "mant", 9 0;
v000001e04d171fa0_0 .var "prev_enable", 0 0;
v000001e04d1711e0_0 .var "sign", 0 0;
v000001e04d171280_0 .var "valid", 0 0;
S_000001e04d070e00 .scope module, "normalize_inst" "normalize" 4 88, 7 2 0, S_000001e04d1204a0;
 .timescale -9 -12;
    .port_info 0 /INPUT 1 "clk";
    .port_info 1 /INPUT 1 "enable";
    .port_info 2 /INPUT 1 "s_valid";
    .port_info 3 /INPUT 1 "sign_in";
    .port_info 4 /INPUT 5 "exp_in";
    .port_info 5 /INPUT 10 "mant_in";
    .port_info 6 /INPUT 1 "is_normal_in";
    .port_info 7 /INPUT 1 "is_subnormal_in";
    .port_info 8 /INPUT 1 "is_nan_in";
    .port_info 9 /INPUT 1 "is_pinf_in";
    .port_info 10 /INPUT 1 "is_ninf_in";
    .port_info 11 /OUTPUT 1 "n_valid";
    .port_info 12 /OUTPUT 1 "is_num";
    .port_info 13 /OUTPUT 1 "is_nan";
    .port_info 14 /OUTPUT 1 "is_pinf";
    .port_info 15 /OUTPUT 1 "is_ninf";
    .port_info 16 /OUTPUT 1 "sign_out";
    .port_info 17 /OUTPUT 7 "exp_out";
    .port_info 18 /OUTPUT 11 "mant_out";
P_000001e04d114910 .param/l "BIAS" 1 7 29, +C4<0001111>;
L_000001e04d0bce70 .functor AND 1, L_000001e04d1795e0, L_000001e04d17abc0, C4<1>, C4<1>;
v000001e04d171640_0 .net *"_ivl_1", 0 0, L_000001e04d178fa0;  1 drivers
L_000001e04d17b238 .functor BUFT 1, C4<0010>, C4<0>, C4<0>, C4<0>;
v000001e04d1716e0_0 .net/2u *"_ivl_10", 3 0, L_000001e04d17b238;  1 drivers
v000001e04d171d20_0 .net *"_ivl_13", 0 0, L_000001e04d17a620;  1 drivers
L_000001e04d17b280 .functor BUFT 1, C4<0011>, C4<0>, C4<0>, C4<0>;
v000001e04d1718c0_0 .net/2u *"_ivl_14", 3 0, L_000001e04d17b280;  1 drivers
v000001e04d171dc0_0 .net *"_ivl_17", 0 0, L_000001e04d179400;  1 drivers
L_000001e04d17b2c8 .functor BUFT 1, C4<0100>, C4<0>, C4<0>, C4<0>;
v000001e04d171960_0 .net/2u *"_ivl_18", 3 0, L_000001e04d17b2c8;  1 drivers
L_000001e04d17b1a8 .functor BUFT 1, C4<0000>, C4<0>, C4<0>, C4<0>;
v000001e04d171be0_0 .net/2u *"_ivl_2", 3 0, L_000001e04d17b1a8;  1 drivers
v000001e04d171f00_0 .net *"_ivl_21", 0 0, L_000001e04d179860;  1 drivers
L_000001e04d17b310 .functor BUFT 1, C4<0101>, C4<0>, C4<0>, C4<0>;
v000001e04d0b74a0_0 .net/2u *"_ivl_22", 3 0, L_000001e04d17b310;  1 drivers
v000001e04d1733d0_0 .net *"_ivl_25", 0 0, L_000001e04d1792c0;  1 drivers
L_000001e04d17b358 .functor BUFT 1, C4<0110>, C4<0>, C4<0>, C4<0>;
v000001e04d174230_0 .net/2u *"_ivl_26", 3 0, L_000001e04d17b358;  1 drivers
v000001e04d173b50_0 .net *"_ivl_29", 0 0, L_000001e04d179ea0;  1 drivers
L_000001e04d17b3a0 .functor BUFT 1, C4<0111>, C4<0>, C4<0>, C4<0>;
v000001e04d174910_0 .net/2u *"_ivl_30", 3 0, L_000001e04d17b3a0;  1 drivers
v000001e04d1740f0_0 .net *"_ivl_33", 0 0, L_000001e04d17a1c0;  1 drivers
L_000001e04d17b3e8 .functor BUFT 1, C4<1000>, C4<0>, C4<0>, C4<0>;
v000001e04d174190_0 .net/2u *"_ivl_34", 3 0, L_000001e04d17b3e8;  1 drivers
v000001e04d173330_0 .net *"_ivl_37", 0 0, L_000001e04d179360;  1 drivers
L_000001e04d17b430 .functor BUFT 1, C4<1001>, C4<0>, C4<0>, C4<0>;
v000001e04d173470_0 .net/2u *"_ivl_38", 3 0, L_000001e04d17b430;  1 drivers
L_000001e04d17b478 .functor BUFT 1, C4<1010>, C4<0>, C4<0>, C4<0>;
v000001e04d173510_0 .net/2u *"_ivl_40", 3 0, L_000001e04d17b478;  1 drivers
v000001e04d174a50_0 .net *"_ivl_42", 3 0, L_000001e04d17a8a0;  1 drivers
v000001e04d173ab0_0 .net *"_ivl_44", 3 0, L_000001e04d17a300;  1 drivers
v000001e04d173290_0 .net *"_ivl_46", 3 0, L_000001e04d17a9e0;  1 drivers
v000001e04d1742d0_0 .net *"_ivl_48", 3 0, L_000001e04d17a6c0;  1 drivers
v000001e04d174730_0 .net *"_ivl_5", 0 0, L_000001e04d179d60;  1 drivers
v000001e04d174050_0 .net *"_ivl_50", 3 0, L_000001e04d179900;  1 drivers
v000001e04d1735b0_0 .net *"_ivl_52", 3 0, L_000001e04d1790e0;  1 drivers
v000001e04d1749b0_0 .net *"_ivl_54", 3 0, L_000001e04d17a760;  1 drivers
v000001e04d174b90_0 .net *"_ivl_56", 3 0, L_000001e04d17ac60;  1 drivers
v000001e04d174410_0 .net *"_ivl_58", 3 0, L_000001e04d17a800;  1 drivers
L_000001e04d17b1f0 .functor BUFT 1, C4<0001>, C4<0>, C4<0>, C4<0>;
v000001e04d173fb0_0 .net/2u *"_ivl_6", 3 0, L_000001e04d17b1f0;  1 drivers
L_000001e04d17b4c0 .functor BUFT 1, C4<00000>, C4<0>, C4<0>, C4<0>;
v000001e04d173a10_0 .net/2u *"_ivl_62", 4 0, L_000001e04d17b4c0;  1 drivers
v000001e04d173970_0 .net *"_ivl_64", 0 0, L_000001e04d1795e0;  1 drivers
L_000001e04d17b508 .functor BUFT 1, C4<0000000000>, C4<0>, C4<0>, C4<0>;
v000001e04d1730b0_0 .net/2u *"_ivl_66", 9 0, L_000001e04d17b508;  1 drivers
v000001e04d1731f0_0 .net *"_ivl_68", 0 0, L_000001e04d17abc0;  1 drivers
v000001e04d174370_0 .net *"_ivl_9", 0 0, L_000001e04d179040;  1 drivers
v000001e04d173650_0 .net "clk", 0 0, v000001e04d179540_0;  alias, 1 drivers
v000001e04d173bf0_0 .net "clz_comb", 3 0, L_000001e04d1794a0;  1 drivers
v000001e04d1736f0_0 .net "enable", 0 0, v000001e04d179a40_0;  alias, 1 drivers
v000001e04d1744b0_0 .net "exp_in", 4 0, v000001e04d1752a0_0;  alias, 1 drivers
v000001e04d172f70_0 .var/s "exp_out", 6 0;
v000001e04d173790_0 .var "is_nan", 0 0;
v000001e04d173dd0_0 .net "is_nan_in", 0 0, v000001e04d176060_0;  alias, 1 drivers
v000001e04d173830_0 .var "is_ninf", 0 0;
v000001e04d173d30_0 .net "is_ninf_in", 0 0, v000001e04d1766a0_0;  alias, 1 drivers
v000001e04d173e70_0 .net "is_normal_in", 0 0, v000001e04d175480_0;  alias, 1 drivers
v000001e04d174e10_0 .var "is_num", 0 0;
v000001e04d1738d0_0 .var "is_pinf", 0 0;
v000001e04d173c90_0 .net "is_pinf_in", 0 0, v000001e04d175660_0;  alias, 1 drivers
v000001e04d174550_0 .net "is_subnormal_in", 0 0, v000001e04d1764c0_0;  alias, 1 drivers
v000001e04d173f10_0 .net "is_zero", 0 0, L_000001e04d0bce70;  1 drivers
v000001e04d1745f0_0 .net "mant_in", 9 0, v000001e04d175700_0;  alias, 1 drivers
v000001e04d174690_0 .var "mant_out", 10 0;
v000001e04d1747d0_0 .var "n_valid", 0 0;
v000001e04d174870_0 .net "s_valid", 0 0, v000001e04d1757a0_0;  alias, 1 drivers
v000001e04d174af0_0 .net "sign_in", 0 0, v000001e04d178e30_0;  alias, 1 drivers
v000001e04d174c30_0 .var "sign_out", 0 0;
v000001e04d174cd0_0 .var/s "tmp_exp", 6 0;
v000001e04d174d70_0 .var "tmp_m", 10 0;
L_000001e04d178fa0 .part v000001e04d175700_0, 9, 1;
L_000001e04d179d60 .part v000001e04d175700_0, 8, 1;
L_000001e04d179040 .part v000001e04d175700_0, 7, 1;
L_000001e04d17a620 .part v000001e04d175700_0, 6, 1;
L_000001e04d179400 .part v000001e04d175700_0, 5, 1;
L_000001e04d179860 .part v000001e04d175700_0, 4, 1;
L_000001e04d1792c0 .part v000001e04d175700_0, 3, 1;
L_000001e04d179ea0 .part v000001e04d175700_0, 2, 1;
L_000001e04d17a1c0 .part v000001e04d175700_0, 1, 1;
L_000001e04d179360 .part v000001e04d175700_0, 0, 1;
L_000001e04d17a8a0 .functor MUXZ 4, L_000001e04d17b478, L_000001e04d17b430, L_000001e04d179360, C4<>;
L_000001e04d17a300 .functor MUXZ 4, L_000001e04d17a8a0, L_000001e04d17b3e8, L_000001e04d17a1c0, C4<>;
L_000001e04d17a9e0 .functor MUXZ 4, L_000001e04d17a300, L_000001e04d17b3a0, L_000001e04d179ea0, C4<>;
L_000001e04d17a6c0 .functor MUXZ 4, L_000001e04d17a9e0, L_000001e04d17b358, L_000001e04d1792c0, C4<>;
L_000001e04d179900 .functor MUXZ 4, L_000001e04d17a6c0, L_000001e04d17b310, L_000001e04d179860, C4<>;
L_000001e04d1790e0 .functor MUXZ 4, L_000001e04d179900, L_000001e04d17b2c8, L_000001e04d179400, C4<>;
L_000001e04d17a760 .functor MUXZ 4, L_000001e04d1790e0, L_000001e04d17b280, L_000001e04d17a620, C4<>;
L_000001e04d17ac60 .functor MUXZ 4, L_000001e04d17a760, L_000001e04d17b238, L_000001e04d179040, C4<>;
L_000001e04d17a800 .functor MUXZ 4, L_000001e04d17ac60, L_000001e04d17b1f0, L_000001e04d179d60, C4<>;
L_000001e04d1794a0 .functor MUXZ 4, L_000001e04d17a800, L_000001e04d17b1a8, L_000001e04d178fa0, C4<>;
L_000001e04d1795e0 .cmp/eq 5, v000001e04d1752a0_0, L_000001e04d17b4c0;
L_000001e04d17abc0 .cmp/eq 10, v000001e04d175700_0, L_000001e04d17b508;
S_000001e04d10e1f0 .scope module, "pack_inst" "pack" 4 131, 8 2 0, S_000001e04d1204a0;
 .timescale -9 -12;
    .port_info 0 /INPUT 1 "clk";
    .port_info 1 /INPUT 1 "enable";
    .port_info 2 /INPUT 1 "it_valid";
    .port_info 3 /INPUT 1 "sign_in";
    .port_info 4 /INPUT 7 "exp_in";
    .port_info 5 /INPUT 11 "mant_in";
    .port_info 6 /INPUT 1 "is_nan_in";
    .port_info 7 /INPUT 1 "is_pinf_in";
    .port_info 8 /INPUT 1 "is_ninf_in";
    .port_info 9 /INPUT 1 "result_in";
    .port_info 10 /OUTPUT 1 "p_valid";
    .port_info 11 /OUTPUT 1 "result_out";
    .port_info 12 /OUTPUT 16 "out_data";
    .port_info 13 /OUTPUT 1 "is_nan_out";
    .port_info 14 /OUTPUT 1 "is_pinf_out";
    .port_info 15 /OUTPUT 1 "is_ninf_out";
P_000001e04d114d90 .param/l "BIAS" 1 8 26, +C4<0001111>;
v000001e04d173150_0 .net "clk", 0 0, v000001e04d179540_0;  alias, 1 drivers
v000001e04d171460_0 .var/s "e_biased", 6 0;
v000001e04d1758e0_0 .net "enable", 0 0, v000001e04d179a40_0;  alias, 1 drivers
v000001e04d176600_0 .net/s "exp_in", 6 0, v000001e04d1725e0_0;  alias, 1 drivers
v000001e04d1769c0_0 .var "frac10", 9 0;
v000001e04d175c00_0 .net "is_nan_in", 0 0, v000001e04d172540_0;  alias, 1 drivers
v000001e04d1750c0_0 .var "is_nan_out", 0 0;
v000001e04d176ba0_0 .net "is_ninf_in", 0 0, v000001e04d172a40_0;  alias, 1 drivers
v000001e04d176d80_0 .var "is_ninf_out", 0 0;
v000001e04d175160_0 .net "is_pinf_in", 0 0, v000001e04d172360_0;  alias, 1 drivers
v000001e04d175980_0 .var "is_pinf_out", 0 0;
v000001e04d175520_0 .net "it_valid", 0 0, v000001e04d171820_0;  alias, 1 drivers
v000001e04d175020_0 .net "mant_in", 10 0, v000001e04d172900_0;  alias, 1 drivers
v000001e04d175ca0_0 .var "out_data", 15 0;
v000001e04d176ce0_0 .var "p_valid", 0 0;
v000001e04d1761a0_0 .net "result_in", 0 0, v000001e04d1727c0_0;  alias, 1 drivers
v000001e04d176240_0 .var "result_out", 0 0;
v000001e04d1762e0_0 .var "shift_amt", 4 0;
v000001e04d176c40_0 .var "shifted", 10 0;
v000001e04d176560_0 .net "sign_in", 0 0, v000001e04d171c80_0;  alias, 1 drivers
S_000001e04d062f10 .scope module, "special_inst" "special" 4 71, 9 2 0, S_000001e04d1204a0;
 .timescale -9 -12;
    .port_info 0 /INPUT 1 "clk";
    .port_info 1 /INPUT 1 "enable";
    .port_info 2 /INPUT 1 "valid";
    .port_info 3 /INPUT 1 "sign_in";
    .port_info 4 /INPUT 5 "exp_in";
    .port_info 5 /INPUT 10 "mant_in";
    .port_info 6 /OUTPUT 1 "s_valid";
    .port_info 7 /OUTPUT 1 "is_nan";
    .port_info 8 /OUTPUT 1 "is_pinf";
    .port_info 9 /OUTPUT 1 "is_ninf";
    .port_info 10 /OUTPUT 1 "is_normal";
    .port_info 11 /OUTPUT 1 "is_subnormal";
    .port_info 12 /OUTPUT 1 "sign_out";
    .port_info 13 /OUTPUT 5 "exp_out";
    .port_info 14 /OUTPUT 10 "mant_out";
P_000001e04d109b70 .param/l "EXP_MAX" 1 9 24, C4<11111>;
P_000001e04d109ba8 .param/l "QUIET_BIT" 1 9 25, C4<1000000000>;
L_000001e04d0bce00 .functor AND 1, L_000001e04d17a580, L_000001e04d1797c0, C4<1>, C4<1>;
L_000001e04d0bcbd0 .functor AND 1, v000001e04d1711e0_0, L_000001e04d179b80, C4<1>, C4<1>;
L_000001e04d0bc230 .functor OR 1, L_000001e04d17ae40, L_000001e04d17a260, C4<0>, C4<0>;
L_000001e04d0bcd20 .functor AND 1, L_000001e04d0bcbd0, L_000001e04d0bc230, C4<1>, C4<1>;
L_000001e04d17af68 .functor BUFT 1, C4<11111>, C4<0>, C4<0>, C4<0>;
v000001e04d175840_0 .net/2u *"_ivl_0", 4 0, L_000001e04d17af68;  1 drivers
v000001e04d175de0_0 .net *"_ivl_10", 0 0, L_000001e04d1797c0;  1 drivers
L_000001e04d17b040 .functor BUFT 1, C4<11111>, C4<0>, C4<0>, C4<0>;
v000001e04d175b60_0 .net/2u *"_ivl_14", 4 0, L_000001e04d17b040;  1 drivers
v000001e04d175a20_0 .net *"_ivl_16", 0 0, L_000001e04d179b80;  1 drivers
v000001e04d176100_0 .net *"_ivl_19", 0 0, L_000001e04d0bcbd0;  1 drivers
v000001e04d176380_0 .net *"_ivl_2", 0 0, L_000001e04d17a580;  1 drivers
v000001e04d175fc0_0 .net *"_ivl_20", 31 0, L_000001e04d179c20;  1 drivers
L_000001e04d17b088 .functor BUFT 1, C4<000000000000000000000000000>, C4<0>, C4<0>, C4<0>;
v000001e04d176420_0 .net *"_ivl_23", 26 0, L_000001e04d17b088;  1 drivers
L_000001e04d17b0d0 .functor BUFT 1, C4<00000000000000000000000000000000>, C4<0>, C4<0>, C4<0>;
v000001e04d1767e0_0 .net/2u *"_ivl_24", 31 0, L_000001e04d17b0d0;  1 drivers
v000001e04d175ac0_0 .net *"_ivl_26", 0 0, L_000001e04d17ae40;  1 drivers
v000001e04d1753e0_0 .net *"_ivl_28", 31 0, L_000001e04d179cc0;  1 drivers
L_000001e04d17b118 .functor BUFT 1, C4<0000000000000000000000>, C4<0>, C4<0>, C4<0>;
v000001e04d176a60_0 .net *"_ivl_31", 21 0, L_000001e04d17b118;  1 drivers
L_000001e04d17b160 .functor BUFT 1, C4<00000000000000000000000000000000>, C4<0>, C4<0>, C4<0>;
v000001e04d175e80_0 .net/2u *"_ivl_32", 31 0, L_000001e04d17b160;  1 drivers
v000001e04d176b00_0 .net *"_ivl_34", 0 0, L_000001e04d17a260;  1 drivers
v000001e04d176740_0 .net *"_ivl_37", 0 0, L_000001e04d0bc230;  1 drivers
v000001e04d176920_0 .net *"_ivl_4", 31 0, L_000001e04d17a440;  1 drivers
L_000001e04d17afb0 .functor BUFT 1, C4<0000000000000000000000>, C4<0>, C4<0>, C4<0>;
v000001e04d176e20_0 .net *"_ivl_7", 21 0, L_000001e04d17afb0;  1 drivers
L_000001e04d17aff8 .functor BUFT 1, C4<00000000000000000000000000000000>, C4<0>, C4<0>, C4<0>;
v000001e04d174f80_0 .net/2u *"_ivl_8", 31 0, L_000001e04d17aff8;  1 drivers
v000001e04d175200_0 .net "clk", 0 0, v000001e04d179540_0;  alias, 1 drivers
v000001e04d175f20_0 .net "enable", 0 0, v000001e04d179a40_0;  alias, 1 drivers
v000001e04d175d40_0 .net "exp_in", 4 0, v000001e04d171000_0;  alias, 1 drivers
v000001e04d1752a0_0 .var "exp_out", 4 0;
v000001e04d175340_0 .net "is_input_nan", 0 0, L_000001e04d0bce00;  1 drivers
v000001e04d176060_0 .var "is_nan", 0 0;
v000001e04d1755c0_0 .net "is_negative_number", 0 0, L_000001e04d0bcd20;  1 drivers
v000001e04d1766a0_0 .var "is_ninf", 0 0;
v000001e04d175480_0 .var "is_normal", 0 0;
v000001e04d175660_0 .var "is_pinf", 0 0;
v000001e04d1764c0_0 .var "is_subnormal", 0 0;
v000001e04d176880_0 .net "mant_in", 9 0, v000001e04d171140_0;  alias, 1 drivers
v000001e04d175700_0 .var "mant_out", 9 0;
v000001e04d1757a0_0 .var "s_valid", 0 0;
v000001e04d177df0_0 .net "sign_in", 0 0, v000001e04d1711e0_0;  alias, 1 drivers
v000001e04d178e30_0 .var "sign_out", 0 0;
v000001e04d178bb0_0 .net "valid", 0 0, v000001e04d171280_0;  alias, 1 drivers
L_000001e04d17a580 .cmp/eq 5, v000001e04d171000_0, L_000001e04d17af68;
L_000001e04d17a440 .concat [ 10 22 0 0], v000001e04d171140_0, L_000001e04d17afb0;
L_000001e04d1797c0 .cmp/ne 32, L_000001e04d17a440, L_000001e04d17aff8;
L_000001e04d179b80 .cmp/ne 5, v000001e04d171000_0, L_000001e04d17b040;
L_000001e04d179c20 .concat [ 5 27 0 0], v000001e04d171000_0, L_000001e04d17b088;
L_000001e04d17ae40 .cmp/ne 32, L_000001e04d179c20, L_000001e04d17b0d0;
L_000001e04d179cc0 .concat [ 10 22 0 0], v000001e04d171140_0, L_000001e04d17b118;
L_000001e04d17a260 .cmp/ne 32, L_000001e04d179cc0, L_000001e04d17b160;
S_000001e04d036b60 .scope task, "test_sqrt" "test_sqrt" 3 145, 3 145 0, S_000001e04d0978d0;
 .timescale -9 -12;
v000001e04d177850_0 .var "cycles", 31 0;
v000001e04d178b10_0 .var "expected_nan", 0 0;
v000001e04d178890_0 .var "expected_ninf", 0 0;
v000001e04d179180_0 .var "expected_pinf", 0 0;
v000001e04d1799a0_0 .var "expected_val", 15 0;
v000001e04d179e00_0 .var "input_val", 15 0;
TD_sqrt2_tb.test_sqrt ;
    %load/vec4 v000001e04d17ad00_0;
    %addi 1, 0, 32;
    %store/vec4 v000001e04d17ad00_0, 0, 32;
    %pushi/vec4 1, 0, 1;
    %store/vec4 v000001e04d179a40_0, 0, 1;
    %pushi/vec4 1, 0, 1;
    %store/vec4 v000001e04d17a4e0_0, 0, 1;
    %load/vec4 v000001e04d179e00_0;
    %store/vec4 v000001e04d17a120_0, 0, 16;
    %wait E_000001e04d1145d0;
    %wait E_000001e04d1145d0;
    %pushi/vec4 0, 0, 1;
    %store/vec4 v000001e04d17a4e0_0, 0, 1;
    %pushi/vec4 0, 0, 32;
    %store/vec4 v000001e04d177850_0, 0, 32;
T_0.0 ;
    %load/vec4 v000001e04d179f40_0;
    %nor/r;
    %flag_set/vec4 9;
    %flag_get/vec4 9;
    %jmp/0 T_0.2, 9;
    %load/vec4 v000001e04d177850_0;
    %cmpi/u 100, 0, 32;
    %flag_get/vec4 5;
    %and;
T_0.2;
    %flag_set/vec4 8;
    %jmp/0xz T_0.1, 8;
    %wait E_000001e04d1145d0;
    %load/vec4 v000001e04d177850_0;
    %addi 1, 0, 32;
    %store/vec4 v000001e04d177850_0, 0, 32;
    %jmp T_0.0;
T_0.1 ;
    %load/vec4 v000001e04d179f40_0;
    %nor/r;
    %flag_set/vec4 8;
    %jmp/0xz  T_0.3, 8;
    %vpi_call/w 3 171 "$display", "FAIL: Test %0d timeout", v000001e04d17ad00_0 {0 0 0};
    %load/vec4 v000001e04d179fe0_0;
    %addi 1, 0, 32;
    %store/vec4 v000001e04d179fe0_0, 0, 32;
    %jmp T_0.4;
T_0.3 ;
    %load/vec4 v000001e04d179720_0;
    %load/vec4 v000001e04d1799a0_0;
    %cmp/ne;
    %jmp/1 T_0.9, 6;
    %flag_mov 8, 6;
    %load/vec4 v000001e04d17ada0_0;
    %load/vec4 v000001e04d178b10_0;
    %cmp/ne;
    %flag_or 6, 8;
T_0.9;
    %jmp/1 T_0.8, 6;
    %flag_mov 8, 6;
    %load/vec4 v000001e04d179ae0_0;
    %load/vec4 v000001e04d179180_0;
    %cmp/ne;
    %flag_or 6, 8;
T_0.8;
    %jmp/1 T_0.7, 6;
    %flag_mov 8, 6;
    %load/vec4 v000001e04d17a080_0;
    %load/vec4 v000001e04d178890_0;
    %cmp/ne;
    %flag_or 6, 8;
T_0.7;
    %jmp/0xz  T_0.5, 6;
    %vpi_call/w 3 176 "$display", "FAIL: Test %0d - in=%h out=%h exp=%h nan=%b/%b pinf=%b/%b ninf=%b/%b", v000001e04d17ad00_0, v000001e04d179e00_0, v000001e04d179720_0, v000001e04d1799a0_0, v000001e04d17ada0_0, v000001e04d178b10_0, v000001e04d179ae0_0, v000001e04d179180_0, v000001e04d17a080_0, v000001e04d178890_0 {0 0 0};
    %load/vec4 v000001e04d179fe0_0;
    %addi 1, 0, 32;
    %store/vec4 v000001e04d179fe0_0, 0, 32;
    %jmp T_0.6;
T_0.5 ;
    %vpi_call/w 3 181 "$display", "PASS: Test %0d - in=%h out=%h nan=%b pinf=%b ninf=%b", v000001e04d17ad00_0, v000001e04d179e00_0, v000001e04d179720_0, v000001e04d17ada0_0, v000001e04d179ae0_0, v000001e04d17a080_0 {0 0 0};
T_0.6 ;
T_0.4 ;
    %wait E_000001e04d1145d0;
    %pushi/vec4 0, 0, 1;
    %store/vec4 v000001e04d179a40_0, 0, 1;
    %pushi/vec4 2, 0, 32;
T_0.10 %dup/vec4;
    %pushi/vec4 0, 0, 32;
    %cmp/s;
    %jmp/1xz T_0.11, 5;
    %jmp/1 T_0.11, 4;
    %pushi/vec4 1, 0, 32;
    %sub;
    %wait E_000001e04d1145d0;
    %jmp T_0.10;
T_0.11 ;
    %pop/vec4 1;
    %end;
    .scope S_000001e04d070c70;
T_1 ;
    %wait E_000001e04d1145d0;
    %load/vec4 v000001e04d172e00_0;
    %nor/r;
    %flag_set/vec4 8;
    %jmp/0xz  T_1.0, 8;
    %pushi/vec4 0, 0, 1;
    %assign/vec4 v000001e04d171fa0_0, 0;
    %pushi/vec4 0, 0, 1;
    %assign/vec4 v000001e04d171280_0, 0;
    %jmp T_1.1;
T_1.0 ;
    %load/vec4 v000001e04d171fa0_0;
    %nor/r;
    %flag_set/vec4 8;
    %jmp/0xz  T_1.2, 8;
    %load/vec4 v000001e04d172ae0_0;
    %parti/s 1, 15, 5;
    %assign/vec4 v000001e04d1711e0_0, 0;
    %load/vec4 v000001e04d172ae0_0;
    %parti/s 5, 10, 5;
    %assign/vec4 v000001e04d171000_0, 0;
    %load/vec4 v000001e04d172ae0_0;
    %parti/s 10, 0, 2;
    %assign/vec4 v000001e04d171140_0, 0;
    %pushi/vec4 1, 0, 1;
    %assign/vec4 v000001e04d171280_0, 0;
    %jmp T_1.3;
T_1.2 ;
    %pushi/vec4 0, 0, 1;
    %assign/vec4 v000001e04d171280_0, 0;
T_1.3 ;
    %pushi/vec4 1, 0, 1;
    %assign/vec4 v000001e04d171fa0_0, 0;
T_1.1 ;
    %jmp T_1;
    .thread T_1;
    .scope S_000001e04d062f10;
T_2 ;
    %wait E_000001e04d1145d0;
    %load/vec4 v000001e04d175f20_0;
    %nor/r;
    %flag_set/vec4 8;
    %jmp/0xz  T_2.0, 8;
    %pushi/vec4 0, 0, 1;
    %assign/vec4 v000001e04d1757a0_0, 0;
    %pushi/vec4 0, 0, 1;
    %assign/vec4 v000001e04d176060_0, 0;
    %pushi/vec4 0, 0, 1;
    %assign/vec4 v000001e04d175660_0, 0;
    %pushi/vec4 0, 0, 1;
    %assign/vec4 v000001e04d1766a0_0, 0;
    %pushi/vec4 0, 0, 1;
    %assign/vec4 v000001e04d175480_0, 0;
    %pushi/vec4 0, 0, 1;
    %assign/vec4 v000001e04d1764c0_0, 0;
    %pushi/vec4 0, 0, 1;
    %assign/vec4 v000001e04d178e30_0, 0;
    %pushi/vec4 0, 0, 5;
    %assign/vec4 v000001e04d1752a0_0, 0;
    %pushi/vec4 0, 0, 10;
    %assign/vec4 v000001e04d175700_0, 0;
    %jmp T_2.1;
T_2.0 ;
    %pushi/vec4 0, 0, 1;
    %assign/vec4 v000001e04d1757a0_0, 0;
    %load/vec4 v000001e04d178bb0_0;
    %flag_set/vec4 8;
    %jmp/0xz  T_2.2, 8;
    %load/vec4 v000001e04d177df0_0;
    %assign/vec4 v000001e04d178e30_0, 0;
    %load/vec4 v000001e04d175d40_0;
    %assign/vec4 v000001e04d1752a0_0, 0;
    %load/vec4 v000001e04d176880_0;
    %assign/vec4 v000001e04d175700_0, 0;
    %load/vec4 v000001e04d175340_0;
    %flag_set/vec4 8;
    %jmp/0xz  T_2.4, 8;
    %pushi/vec4 1, 0, 1;
    %assign/vec4 v000001e04d176060_0, 0;
    %pushi/vec4 0, 0, 1;
    %assign/vec4 v000001e04d175660_0, 0;
    %pushi/vec4 0, 0, 1;
    %assign/vec4 v000001e04d1766a0_0, 0;
    %pushi/vec4 0, 0, 1;
    %assign/vec4 v000001e04d175480_0, 0;
    %pushi/vec4 0, 0, 1;
    %assign/vec4 v000001e04d1764c0_0, 0;
    %load/vec4 v000001e04d177df0_0;
    %assign/vec4 v000001e04d178e30_0, 0;
    %pushi/vec4 31, 0, 5;
    %assign/vec4 v000001e04d1752a0_0, 0;
    %load/vec4 v000001e04d176880_0;
    %pushi/vec4 512, 0, 10;
    %or;
    %assign/vec4 v000001e04d175700_0, 0;
    %jmp T_2.5;
T_2.4 ;
    %load/vec4 v000001e04d1755c0_0;
    %flag_set/vec4 8;
    %jmp/0xz  T_2.6, 8;
    %pushi/vec4 1, 0, 1;
    %assign/vec4 v000001e04d176060_0, 0;
    %pushi/vec4 0, 0, 1;
    %assign/vec4 v000001e04d175660_0, 0;
    %pushi/vec4 0, 0, 1;
    %assign/vec4 v000001e04d1766a0_0, 0;
    %pushi/vec4 0, 0, 1;
    %assign/vec4 v000001e04d175480_0, 0;
    %pushi/vec4 0, 0, 1;
    %assign/vec4 v000001e04d1764c0_0, 0;
    %pushi/vec4 1, 0, 1;
    %assign/vec4 v000001e04d178e30_0, 0;
    %pushi/vec4 31, 0, 5;
    %assign/vec4 v000001e04d1752a0_0, 0;
    %pushi/vec4 512, 0, 10;
    %assign/vec4 v000001e04d175700_0, 0;
    %jmp T_2.7;
T_2.6 ;
    %load/vec4 v000001e04d175d40_0;
    %cmpi/e 31, 0, 5;
    %flag_get/vec4 4;
    %jmp/0 T_2.11, 4;
    %load/vec4 v000001e04d176880_0;
    %pad/u 32;
    %pushi/vec4 0, 0, 32;
    %cmp/e;
    %flag_get/vec4 4;
    %and;
T_2.11;
    %flag_set/vec4 9;
    %flag_get/vec4 9;
    %jmp/0 T_2.10, 9;
    %load/vec4 v000001e04d177df0_0;
    %pad/u 32;
    %pushi/vec4 0, 0, 32;
    %cmp/e;
    %flag_get/vec4 4;
    %and;
T_2.10;
    %flag_set/vec4 8;
    %jmp/0xz  T_2.8, 8;
    %pushi/vec4 0, 0, 1;
    %assign/vec4 v000001e04d176060_0, 0;
    %pushi/vec4 1, 0, 1;
    %assign/vec4 v000001e04d175660_0, 0;
    %pushi/vec4 0, 0, 1;
    %assign/vec4 v000001e04d1766a0_0, 0;
    %pushi/vec4 0, 0, 1;
    %assign/vec4 v000001e04d175480_0, 0;
    %pushi/vec4 0, 0, 1;
    %assign/vec4 v000001e04d1764c0_0, 0;
    %jmp T_2.9;
T_2.8 ;
    %load/vec4 v000001e04d175d40_0;
    %cmpi/e 31, 0, 5;
    %flag_get/vec4 4;
    %jmp/0 T_2.15, 4;
    %load/vec4 v000001e04d176880_0;
    %pad/u 32;
    %pushi/vec4 0, 0, 32;
    %cmp/e;
    %flag_get/vec4 4;
    %and;
T_2.15;
    %flag_set/vec4 9;
    %flag_get/vec4 9;
    %jmp/0 T_2.14, 9;
    %load/vec4 v000001e04d177df0_0;
    %pad/u 32;
    %pushi/vec4 1, 0, 32;
    %cmp/e;
    %flag_get/vec4 4;
    %and;
T_2.14;
    %flag_set/vec4 8;
    %jmp/0xz  T_2.12, 8;
    %pushi/vec4 0, 0, 1;
    %assign/vec4 v000001e04d176060_0, 0;
    %pushi/vec4 0, 0, 1;
    %assign/vec4 v000001e04d175660_0, 0;
    %pushi/vec4 1, 0, 1;
    %assign/vec4 v000001e04d1766a0_0, 0;
    %pushi/vec4 0, 0, 1;
    %assign/vec4 v000001e04d175480_0, 0;
    %pushi/vec4 0, 0, 1;
    %assign/vec4 v000001e04d1764c0_0, 0;
    %jmp T_2.13;
T_2.12 ;
    %load/vec4 v000001e04d175d40_0;
    %pad/u 32;
    %cmpi/ne 0, 0, 32;
    %flag_get/vec4 4;
    %jmp/0 T_2.18, 4;
    %load/vec4 v000001e04d175d40_0;
    %pushi/vec4 31, 0, 5;
    %cmp/ne;
    %flag_get/vec4 4;
    %and;
T_2.18;
    %flag_set/vec4 8;
    %jmp/0xz  T_2.16, 8;
    %pushi/vec4 0, 0, 1;
    %assign/vec4 v000001e04d176060_0, 0;
    %pushi/vec4 0, 0, 1;
    %assign/vec4 v000001e04d175660_0, 0;
    %pushi/vec4 0, 0, 1;
    %assign/vec4 v000001e04d1766a0_0, 0;
    %pushi/vec4 1, 0, 1;
    %assign/vec4 v000001e04d175480_0, 0;
    %pushi/vec4 0, 0, 1;
    %assign/vec4 v000001e04d1764c0_0, 0;
    %jmp T_2.17;
T_2.16 ;
    %pushi/vec4 0, 0, 1;
    %assign/vec4 v000001e04d176060_0, 0;
    %pushi/vec4 0, 0, 1;
    %assign/vec4 v000001e04d175660_0, 0;
    %pushi/vec4 0, 0, 1;
    %assign/vec4 v000001e04d1766a0_0, 0;
    %pushi/vec4 0, 0, 1;
    %assign/vec4 v000001e04d175480_0, 0;
    %load/vec4 v000001e04d176880_0;
    %pad/u 32;
    %pushi/vec4 0, 0, 32;
    %cmp/ne;
    %flag_get/vec4 4;
    %assign/vec4 v000001e04d1764c0_0, 0;
T_2.17 ;
T_2.13 ;
T_2.9 ;
T_2.7 ;
T_2.5 ;
    %pushi/vec4 1, 0, 1;
    %assign/vec4 v000001e04d1757a0_0, 0;
T_2.2 ;
T_2.1 ;
    %jmp T_2;
    .thread T_2;
    .scope S_000001e04d070e00;
T_3 ;
    %wait E_000001e04d1145d0;
    %load/vec4 v000001e04d1736f0_0;
    %nor/r;
    %flag_set/vec4 8;
    %jmp/0xz  T_3.0, 8;
    %pushi/vec4 0, 0, 1;
    %assign/vec4 v000001e04d1747d0_0, 0;
    %pushi/vec4 0, 0, 1;
    %assign/vec4 v000001e04d174e10_0, 0;
    %pushi/vec4 0, 0, 1;
    %assign/vec4 v000001e04d173790_0, 0;
    %pushi/vec4 0, 0, 1;
    %assign/vec4 v000001e04d1738d0_0, 0;
    %pushi/vec4 0, 0, 1;
    %assign/vec4 v000001e04d173830_0, 0;
    %pushi/vec4 0, 0, 1;
    %assign/vec4 v000001e04d174c30_0, 0;
    %pushi/vec4 0, 0, 7;
    %assign/vec4 v000001e04d172f70_0, 0;
    %pushi/vec4 0, 0, 11;
    %assign/vec4 v000001e04d174690_0, 0;
    %jmp T_3.1;
T_3.0 ;
    %pushi/vec4 0, 0, 1;
    %assign/vec4 v000001e04d1747d0_0, 0;
    %load/vec4 v000001e04d174870_0;
    %flag_set/vec4 8;
    %jmp/0xz  T_3.2, 8;
    %load/vec4 v000001e04d173f10_0;
    %flag_set/vec4 8;
    %jmp/0xz  T_3.4, 8;
    %pushi/vec4 1, 0, 1;
    %assign/vec4 v000001e04d174e10_0, 0;
    %pushi/vec4 0, 0, 1;
    %assign/vec4 v000001e04d173790_0, 0;
    %pushi/vec4 0, 0, 1;
    %assign/vec4 v000001e04d1738d0_0, 0;
    %pushi/vec4 0, 0, 1;
    %assign/vec4 v000001e04d173830_0, 0;
    %load/vec4 v000001e04d174af0_0;
    %assign/vec4 v000001e04d174c30_0, 0;
    %pushi/vec4 113, 0, 7;
    %assign/vec4 v000001e04d172f70_0, 0;
    %pushi/vec4 0, 0, 11;
    %assign/vec4 v000001e04d174690_0, 0;
    %jmp T_3.5;
T_3.4 ;
    %load/vec4 v000001e04d173e70_0;
    %flag_set/vec4 8;
    %jmp/0xz  T_3.6, 8;
    %pushi/vec4 1, 0, 1;
    %assign/vec4 v000001e04d174e10_0, 0;
    %pushi/vec4 0, 0, 1;
    %assign/vec4 v000001e04d173790_0, 0;
    %pushi/vec4 0, 0, 1;
    %assign/vec4 v000001e04d1738d0_0, 0;
    %pushi/vec4 0, 0, 1;
    %assign/vec4 v000001e04d173830_0, 0;
    %load/vec4 v000001e04d174af0_0;
    %assign/vec4 v000001e04d174c30_0, 0;
    %pushi/vec4 1, 0, 1;
    %load/vec4 v000001e04d1745f0_0;
    %concat/vec4; draw_concat_vec4
    %assign/vec4 v000001e04d174690_0, 0;
    %pushi/vec4 0, 0, 2;
    %load/vec4 v000001e04d1744b0_0;
    %concat/vec4; draw_concat_vec4
    %subi 15, 0, 7;
    %assign/vec4 v000001e04d172f70_0, 0;
    %jmp T_3.7;
T_3.6 ;
    %load/vec4 v000001e04d174550_0;
    %flag_set/vec4 8;
    %jmp/0xz  T_3.8, 8;
    %pushi/vec4 1, 0, 1;
    %assign/vec4 v000001e04d174e10_0, 0;
    %pushi/vec4 0, 0, 1;
    %assign/vec4 v000001e04d173790_0, 0;
    %pushi/vec4 0, 0, 1;
    %assign/vec4 v000001e04d1738d0_0, 0;
    %pushi/vec4 0, 0, 1;
    %assign/vec4 v000001e04d173830_0, 0;
    %load/vec4 v000001e04d174af0_0;
    %assign/vec4 v000001e04d174c30_0, 0;
    %pushi/vec4 0, 0, 1;
    %load/vec4 v000001e04d1745f0_0;
    %concat/vec4; draw_concat_vec4
    %load/vec4 v000001e04d173bf0_0;
    %pad/u 32;
    %addi 1, 0, 32;
    %ix/vec4 4;
    %shiftl 4;
    %store/vec4 v000001e04d174d70_0, 0, 11;
    %pushi/vec4 113, 0, 7;
    %pushi/vec4 0, 0, 3;
    %load/vec4 v000001e04d173bf0_0;
    %concat/vec4; draw_concat_vec4
    %sub;
    %store/vec4 v000001e04d174cd0_0, 0, 7;
    %load/vec4 v000001e04d174d70_0;
    %assign/vec4 v000001e04d174690_0, 0;
    %load/vec4 v000001e04d174cd0_0;
    %assign/vec4 v000001e04d172f70_0, 0;
    %jmp T_3.9;
T_3.8 ;
    %pushi/vec4 0, 0, 1;
    %assign/vec4 v000001e04d174e10_0, 0;
    %load/vec4 v000001e04d173dd0_0;
    %assign/vec4 v000001e04d173790_0, 0;
    %load/vec4 v000001e04d173c90_0;
    %assign/vec4 v000001e04d1738d0_0, 0;
    %load/vec4 v000001e04d173d30_0;
    %assign/vec4 v000001e04d173830_0, 0;
    %load/vec4 v000001e04d174af0_0;
    %assign/vec4 v000001e04d174c30_0, 0;
    %pushi/vec4 0, 0, 1;
    %load/vec4 v000001e04d1745f0_0;
    %concat/vec4; draw_concat_vec4
    %assign/vec4 v000001e04d174690_0, 0;
    %pushi/vec4 0, 0, 2;
    %load/vec4 v000001e04d1744b0_0;
    %concat/vec4; draw_concat_vec4
    %subi 15, 0, 7;
    %assign/vec4 v000001e04d172f70_0, 0;
T_3.9 ;
T_3.7 ;
T_3.5 ;
    %pushi/vec4 1, 0, 1;
    %assign/vec4 v000001e04d1747d0_0, 0;
T_3.2 ;
T_3.1 ;
    %jmp T_3;
    .thread T_3;
    .scope S_000001e04d07e7d0;
T_4 ;
    %wait E_000001e04d1145d0;
    %load/vec4 v000001e04d172680_0;
    %nor/r;
    %flag_set/vec4 8;
    %jmp/0xz  T_4.0, 8;
    %pushi/vec4 0, 0, 1;
    %assign/vec4 v000001e04d0a7e70_0, 0;
    %pushi/vec4 0, 0, 1;
    %assign/vec4 v000001e04d171820_0, 0;
    %pushi/vec4 0, 0, 1;
    %assign/vec4 v000001e04d1727c0_0, 0;
    %pushi/vec4 0, 0, 1;
    %assign/vec4 v000001e04d171c80_0, 0;
    %pushi/vec4 0, 0, 7;
    %assign/vec4 v000001e04d1725e0_0, 0;
    %pushi/vec4 0, 0, 11;
    %assign/vec4 v000001e04d172900_0, 0;
    %pushi/vec4 0, 0, 4;
    %assign/vec4 v000001e04d172b80_0, 0;
    %pushi/vec4 0, 0, 34;
    %assign/vec4 v000001e04d1724a0_0, 0;
    %pushi/vec4 0, 0, 23;
    %assign/vec4 v000001e04d1710a0_0, 0;
    %pushi/vec4 0, 0, 12;
    %assign/vec4 v000001e04d1713c0_0, 0;
    %pushi/vec4 0, 0, 1;
    %assign/vec4 v000001e04d171e60_0, 0;
    %pushi/vec4 0, 0, 1;
    %assign/vec4 v000001e04d172040_0, 0;
    %pushi/vec4 0, 0, 1;
    %assign/vec4 v000001e04d172d60_0, 0;
    %pushi/vec4 0, 0, 1;
    %assign/vec4 v000001e04d1722c0_0, 0;
    %pushi/vec4 0, 0, 1;
    %assign/vec4 v000001e04d172540_0, 0;
    %pushi/vec4 0, 0, 1;
    %assign/vec4 v000001e04d172360_0, 0;
    %pushi/vec4 0, 0, 1;
    %assign/vec4 v000001e04d172a40_0, 0;
    %jmp T_4.1;
T_4.0 ;
    %pushi/vec4 0, 0, 1;
    %assign/vec4 v000001e04d171820_0, 0;
    %pushi/vec4 0, 0, 1;
    %assign/vec4 v000001e04d1727c0_0, 0;
    %load/vec4 v000001e04d172220_0;
    %flag_set/vec4 9;
    %flag_get/vec4 9;
    %jmp/0 T_4.4, 9;
    %load/vec4 v000001e04d0a7e70_0;
    %nor/r;
    %and;
T_4.4;
    %flag_set/vec4 8;
    %jmp/0xz  T_4.2, 8;
    %load/vec4 v000001e04d172cc0_0;
    %flag_set/vec4 8;
    %jmp/0xz  T_4.5, 8;
    %pushi/vec4 1, 0, 1;
    %assign/vec4 v000001e04d171820_0, 0;
    %pushi/vec4 1, 0, 1;
    %assign/vec4 v000001e04d1727c0_0, 0;
    %pushi/vec4 0, 0, 1;
    %assign/vec4 v000001e04d0a7e70_0, 0;
    %pushi/vec4 1, 0, 1;
    %assign/vec4 v000001e04d171e60_0, 0;
    %pushi/vec4 0, 0, 1;
    %assign/vec4 v000001e04d172040_0, 0;
    %pushi/vec4 0, 0, 1;
    %assign/vec4 v000001e04d172d60_0, 0;
    %pushi/vec4 0, 0, 1;
    %assign/vec4 v000001e04d1722c0_0, 0;
    %pushi/vec4 0, 0, 1;
    %assign/vec4 v000001e04d172540_0, 0;
    %pushi/vec4 0, 0, 1;
    %assign/vec4 v000001e04d172360_0, 0;
    %pushi/vec4 0, 0, 1;
    %assign/vec4 v000001e04d172a40_0, 0;
    %load/vec4 v000001e04d170f60_0;
    %assign/vec4 v000001e04d171c80_0, 0;
    %pushi/vec4 113, 0, 7;
    %assign/vec4 v000001e04d1725e0_0, 0;
    %pushi/vec4 0, 0, 11;
    %assign/vec4 v000001e04d172900_0, 0;
    %jmp T_4.6;
T_4.5 ;
    %load/vec4 v000001e04d171aa0_0;
    %nor/r;
    %flag_set/vec4 8;
    %jmp/1 T_4.11, 8;
    %load/vec4 v000001e04d171a00_0;
    %flag_set/vec4 9;
    %flag_or 8, 9;
T_4.11;
    %jmp/1 T_4.10, 8;
    %load/vec4 v000001e04d172720_0;
    %flag_set/vec4 9;
    %flag_or 8, 9;
T_4.10;
    %jmp/1 T_4.9, 8;
    %load/vec4 v000001e04d171b40_0;
    %flag_set/vec4 9;
    %flag_or 8, 9;
T_4.9;
    %jmp/0xz  T_4.7, 8;
    %pushi/vec4 1, 0, 1;
    %assign/vec4 v000001e04d171820_0, 0;
    %pushi/vec4 1, 0, 1;
    %assign/vec4 v000001e04d1727c0_0, 0;
    %pushi/vec4 0, 0, 1;
    %assign/vec4 v000001e04d0a7e70_0, 0;
    %pushi/vec4 1, 0, 1;
    %assign/vec4 v000001e04d171e60_0, 0;
    %load/vec4 v000001e04d171a00_0;
    %assign/vec4 v000001e04d172040_0, 0;
    %load/vec4 v000001e04d172720_0;
    %assign/vec4 v000001e04d172d60_0, 0;
    %load/vec4 v000001e04d171b40_0;
    %assign/vec4 v000001e04d1722c0_0, 0;
    %load/vec4 v000001e04d171a00_0;
    %assign/vec4 v000001e04d172540_0, 0;
    %load/vec4 v000001e04d172720_0;
    %assign/vec4 v000001e04d172360_0, 0;
    %load/vec4 v000001e04d171b40_0;
    %assign/vec4 v000001e04d172a40_0, 0;
    %load/vec4 v000001e04d171a00_0;
    %flag_set/vec4 8;
    %jmp/0xz  T_4.12, 8;
    %pushi/vec4 1, 0, 1;
    %assign/vec4 v000001e04d171c80_0, 0;
    %pushi/vec4 16, 0, 7;
    %assign/vec4 v000001e04d1725e0_0, 0;
    %pushi/vec4 1024, 0, 11;
    %assign/vec4 v000001e04d172900_0, 0;
    %jmp T_4.13;
T_4.12 ;
    %load/vec4 v000001e04d172720_0;
    %flag_set/vec4 8;
    %jmp/0xz  T_4.14, 8;
    %pushi/vec4 0, 0, 1;
    %assign/vec4 v000001e04d171c80_0, 0;
    %pushi/vec4 16, 0, 7;
    %assign/vec4 v000001e04d1725e0_0, 0;
    %pushi/vec4 0, 0, 11;
    %assign/vec4 v000001e04d172900_0, 0;
    %jmp T_4.15;
T_4.14 ;
    %load/vec4 v000001e04d171b40_0;
    %flag_set/vec4 8;
    %jmp/0xz  T_4.16, 8;
    %pushi/vec4 1, 0, 1;
    %assign/vec4 v000001e04d171c80_0, 0;
    %pushi/vec4 16, 0, 7;
    %assign/vec4 v000001e04d1725e0_0, 0;
    %pushi/vec4 1024, 0, 11;
    %assign/vec4 v000001e04d172900_0, 0;
    %pushi/vec4 1, 0, 1;
    %assign/vec4 v000001e04d172040_0, 0;
    %pushi/vec4 0, 0, 1;
    %assign/vec4 v000001e04d172d60_0, 0;
    %pushi/vec4 0, 0, 1;
    %assign/vec4 v000001e04d1722c0_0, 0;
    %pushi/vec4 1, 0, 1;
    %assign/vec4 v000001e04d172540_0, 0;
    %pushi/vec4 0, 0, 1;
    %assign/vec4 v000001e04d172360_0, 0;
    %pushi/vec4 0, 0, 1;
    %assign/vec4 v000001e04d172a40_0, 0;
    %jmp T_4.17;
T_4.16 ;
    %pushi/vec4 1, 0, 1;
    %assign/vec4 v000001e04d171c80_0, 0;
    %pushi/vec4 16, 0, 7;
    %assign/vec4 v000001e04d1725e0_0, 0;
    %pushi/vec4 1024, 0, 11;
    %assign/vec4 v000001e04d172900_0, 0;
T_4.17 ;
T_4.15 ;
T_4.13 ;
    %jmp T_4.8;
T_4.7 ;
    %pushi/vec4 0, 0, 1;
    %assign/vec4 v000001e04d171e60_0, 0;
    %pushi/vec4 0, 0, 1;
    %assign/vec4 v000001e04d172040_0, 0;
    %pushi/vec4 0, 0, 1;
    %assign/vec4 v000001e04d172d60_0, 0;
    %pushi/vec4 0, 0, 1;
    %assign/vec4 v000001e04d1722c0_0, 0;
    %pushi/vec4 0, 0, 1;
    %assign/vec4 v000001e04d172540_0, 0;
    %pushi/vec4 0, 0, 1;
    %assign/vec4 v000001e04d172360_0, 0;
    %pushi/vec4 0, 0, 1;
    %assign/vec4 v000001e04d172a40_0, 0;
    %pushi/vec4 0, 0, 1;
    %assign/vec4 v000001e04d171c80_0, 0;
    %load/vec4 v000001e04d1720e0_0;
    %parti/s 1, 0, 2;
    %flag_set/vec4 8;
    %jmp/0xz  T_4.18, 8;
    %load/vec4 v000001e04d172c20_0;
    %concati/vec4 0, 0, 1;
    %store/vec4 v000001e04d171320_0, 0, 12;
    %load/vec4 v000001e04d1720e0_0;
    %subi 1, 0, 7;
    %store/vec4 v000001e04d172400_0, 0, 7;
    %jmp T_4.19;
T_4.18 ;
    %load/vec4 v000001e04d172c20_0;
    %pad/u 12;
    %store/vec4 v000001e04d171320_0, 0, 12;
    %load/vec4 v000001e04d1720e0_0;
    %store/vec4 v000001e04d172400_0, 0, 7;
T_4.19 ;
    %load/vec4 v000001e04d172400_0;
    %parti/s 1, 6, 4;
    %load/vec4 v000001e04d172400_0;
    %parti/s 6, 1, 2;
    %concat/vec4; draw_concat_vec4
    %assign/vec4 v000001e04d1725e0_0, 0;
    %load/vec4 v000001e04d171320_0;
    %concati/vec4 0, 0, 22;
    %assign/vec4 v000001e04d1724a0_0, 0;
    %pushi/vec4 0, 0, 23;
    %assign/vec4 v000001e04d1710a0_0, 0;
    %pushi/vec4 0, 0, 12;
    %assign/vec4 v000001e04d1713c0_0, 0;
    %pushi/vec4 11, 0, 4;
    %assign/vec4 v000001e04d172b80_0, 0;
    %pushi/vec4 1, 0, 1;
    %assign/vec4 v000001e04d0a7e70_0, 0;
T_4.8 ;
T_4.6 ;
T_4.2 ;
    %load/vec4 v000001e04d0a7e70_0;
    %flag_set/vec4 8;
    %jmp/0xz  T_4.20, 8;
    %load/vec4 v000001e04d1724a0_0;
    %parti/s 32, 0, 2;
    %concati/vec4 0, 0, 2;
    %assign/vec4 v000001e04d1724a0_0, 0;
    %load/vec4 v000001e04d172180_0;
    %load/vec4 v000001e04d1715a0_0;
    %cmp/u;
    %flag_or 5, 4;
    %flag_mov 8, 5;
    %jmp/0 T_4.22, 8;
    %load/vec4 v000001e04d1715a0_0;
    %load/vec4 v000001e04d172180_0;
    %sub;
    %jmp/1 T_4.23, 8;
T_4.22 ; End of true expr.
    %load/vec4 v000001e04d1715a0_0;
    %jmp/0 T_4.23, 8;
 ; End of false expr.
    %blend;
T_4.23;
    %assign/vec4 v000001e04d1710a0_0, 0;
    %load/vec4 v000001e04d171500_0;
    %assign/vec4 v000001e04d1713c0_0, 0;
    %pushi/vec4 1, 0, 1;
    %assign/vec4 v000001e04d171820_0, 0;
    %pushi/vec4 0, 0, 1;
    %assign/vec4 v000001e04d172540_0, 0;
    %pushi/vec4 0, 0, 1;
    %assign/vec4 v000001e04d172360_0, 0;
    %pushi/vec4 0, 0, 1;
    %assign/vec4 v000001e04d172a40_0, 0;
    %load/vec4 v000001e04d172b80_0;
    %cmpi/u 1, 0, 4;
    %flag_or 5, 4; GT is !LE
    %flag_inv 5;
    %jmp/0xz  T_4.24, 5;
    %load/vec4 v000001e04d171500_0;
    %parti/s 11, 0, 2;
    %load/vec4 v000001e04d172b80_0;
    %subi 1, 0, 4;
    %ix/vec4 4;
    %shiftl 4;
    %assign/vec4 v000001e04d172900_0, 0;
    %jmp T_4.25;
T_4.24 ;
    %load/vec4 v000001e04d171500_0;
    %parti/s 11, 0, 2;
    %assign/vec4 v000001e04d172900_0, 0;
T_4.25 ;
    %load/vec4 v000001e04d172b80_0;
    %cmpi/e 1, 0, 4;
    %jmp/0xz  T_4.26, 4;
    %pushi/vec4 1, 0, 1;
    %assign/vec4 v000001e04d1727c0_0, 0;
    %pushi/vec4 0, 0, 1;
    %assign/vec4 v000001e04d0a7e70_0, 0;
    %pushi/vec4 0, 0, 4;
    %assign/vec4 v000001e04d172b80_0, 0;
    %jmp T_4.27;
T_4.26 ;
    %load/vec4 v000001e04d172b80_0;
    %subi 1, 0, 4;
    %assign/vec4 v000001e04d172b80_0, 0;
T_4.27 ;
T_4.20 ;
    %load/vec4 v000001e04d171e60_0;
    %flag_set/vec4 9;
    %flag_get/vec4 9;
    %jmp/0 T_4.30, 9;
    %load/vec4 v000001e04d0a7e70_0;
    %nor/r;
    %and;
T_4.30;
    %flag_set/vec4 8;
    %jmp/0xz  T_4.28, 8;
    %load/vec4 v000001e04d172040_0;
    %assign/vec4 v000001e04d172540_0, 0;
    %load/vec4 v000001e04d172d60_0;
    %assign/vec4 v000001e04d172360_0, 0;
    %load/vec4 v000001e04d1722c0_0;
    %assign/vec4 v000001e04d172a40_0, 0;
T_4.28 ;
T_4.1 ;
    %jmp T_4;
    .thread T_4;
    .scope S_000001e04d10e1f0;
T_5 ;
    %wait E_000001e04d1145d0;
    %load/vec4 v000001e04d1758e0_0;
    %nor/r;
    %flag_set/vec4 8;
    %jmp/0xz  T_5.0, 8;
    %pushi/vec4 0, 0, 1;
    %assign/vec4 v000001e04d176ce0_0, 0;
    %pushi/vec4 0, 0, 1;
    %assign/vec4 v000001e04d176240_0, 0;
    %pushi/vec4 0, 0, 16;
    %assign/vec4 v000001e04d175ca0_0, 0;
    %pushi/vec4 0, 0, 1;
    %assign/vec4 v000001e04d1750c0_0, 0;
    %pushi/vec4 0, 0, 1;
    %assign/vec4 v000001e04d175980_0, 0;
    %pushi/vec4 0, 0, 1;
    %assign/vec4 v000001e04d176d80_0, 0;
    %jmp T_5.1;
T_5.0 ;
    %pushi/vec4 0, 0, 1;
    %assign/vec4 v000001e04d176ce0_0, 0;
    %load/vec4 v000001e04d175520_0;
    %flag_set/vec4 8;
    %jmp/0xz  T_5.2, 8;
    %load/vec4 v000001e04d1761a0_0;
    %assign/vec4 v000001e04d176240_0, 0;
    %load/vec4 v000001e04d175c00_0;
    %assign/vec4 v000001e04d1750c0_0, 0;
    %load/vec4 v000001e04d175160_0;
    %assign/vec4 v000001e04d175980_0, 0;
    %load/vec4 v000001e04d176ba0_0;
    %assign/vec4 v000001e04d176d80_0, 0;
    %load/vec4 v000001e04d175c00_0;
    %flag_set/vec4 8;
    %jmp/0xz  T_5.4, 8;
    %pushi/vec4 65024, 0, 16;
    %assign/vec4 v000001e04d175ca0_0, 0;
    %jmp T_5.5;
T_5.4 ;
    %load/vec4 v000001e04d175160_0;
    %flag_set/vec4 8;
    %jmp/0xz  T_5.6, 8;
    %pushi/vec4 31744, 0, 16;
    %assign/vec4 v000001e04d175ca0_0, 0;
    %jmp T_5.7;
T_5.6 ;
    %load/vec4 v000001e04d176ba0_0;
    %flag_set/vec4 8;
    %jmp/0xz  T_5.8, 8;
    %pushi/vec4 65024, 0, 16;
    %assign/vec4 v000001e04d175ca0_0, 0;
    %jmp T_5.9;
T_5.8 ;
    %load/vec4 v000001e04d176600_0;
    %addi 15, 0, 7;
    %store/vec4 v000001e04d171460_0, 0, 7;
    %load/vec4 v000001e04d176600_0;
    %cmpi/e 113, 0, 7;
    %flag_get/vec4 4;
    %jmp/0 T_5.12, 4;
    %load/vec4 v000001e04d175020_0;
    %pushi/vec4 0, 0, 11;
    %cmp/e;
    %flag_get/vec4 4;
    %and;
T_5.12;
    %flag_set/vec4 8;
    %jmp/0xz  T_5.10, 8;
    %load/vec4 v000001e04d176560_0;
    %concati/vec4 0, 0, 5;
    %concati/vec4 0, 0, 10;
    %assign/vec4 v000001e04d175ca0_0, 0;
    %jmp T_5.11;
T_5.10 ;
    %load/vec4 v000001e04d171460_0;
    %pad/s 32;
    %cmpi/s 0, 0, 32;
    %flag_or 5, 4;
    %jmp/0xz  T_5.13, 5;
    %pushi/vec4 1, 0, 7;
    %load/vec4 v000001e04d171460_0;
    %sub;
    %pad/s 5;
    %store/vec4 v000001e04d1762e0_0, 0, 5;
    %load/vec4 v000001e04d1762e0_0;
    %pad/u 32;
    %cmpi/u 12, 0, 32;
    %flag_inv 5; GE is !LT
    %jmp/0xz  T_5.15, 5;
    %pushi/vec4 0, 0, 10;
    %store/vec4 v000001e04d1769c0_0, 0, 10;
    %jmp T_5.16;
T_5.15 ;
    %load/vec4 v000001e04d175020_0;
    %ix/getv 4, v000001e04d1762e0_0;
    %shiftr 4;
    %store/vec4 v000001e04d176c40_0, 0, 11;
    %load/vec4 v000001e04d176c40_0;
    %parti/s 10, 0, 2;
    %store/vec4 v000001e04d1769c0_0, 0, 10;
T_5.16 ;
    %load/vec4 v000001e04d176560_0;
    %concati/vec4 0, 0, 5;
    %load/vec4 v000001e04d1769c0_0;
    %concat/vec4; draw_concat_vec4
    %assign/vec4 v000001e04d175ca0_0, 0;
    %jmp T_5.14;
T_5.13 ;
    %load/vec4 v000001e04d175020_0;
    %parti/s 10, 0, 2;
    %store/vec4 v000001e04d1769c0_0, 0, 10;
    %load/vec4 v000001e04d176560_0;
    %load/vec4 v000001e04d171460_0;
    %parti/s 5, 0, 2;
    %concat/vec4; draw_concat_vec4
    %load/vec4 v000001e04d1769c0_0;
    %concat/vec4; draw_concat_vec4
    %assign/vec4 v000001e04d175ca0_0, 0;
T_5.14 ;
T_5.11 ;
T_5.9 ;
T_5.7 ;
T_5.5 ;
    %pushi/vec4 1, 0, 1;
    %assign/vec4 v000001e04d176ce0_0, 0;
T_5.2 ;
T_5.1 ;
    %jmp T_5;
    .thread T_5;
    .scope S_000001e04d0978d0;
T_6 ;
    %pushi/vec4 0, 0, 1;
    %store/vec4 v000001e04d179540_0, 0, 1;
T_6.0 ;
    %delay 5000, 0;
    %load/vec4 v000001e04d179540_0;
    %inv;
    %store/vec4 v000001e04d179540_0, 0, 1;
    %jmp T_6.0;
    %end;
    .thread T_6;
    .scope S_000001e04d0978d0;
T_7 ;
    %vpi_call/w 3 54 "$dumpfile", "sqrt2_tb.vcd" {0 0 0};
    %vpi_call/w 3 55 "$dumpvars", 32'sb00000000000000000000000000000000, S_000001e04d0978d0 {0 0 0};
    %pushi/vec4 0, 0, 32;
    %store/vec4 v000001e04d179fe0_0, 0, 32;
    %pushi/vec4 0, 0, 32;
    %store/vec4 v000001e04d17ad00_0, 0, 32;
    %pushi/vec4 0, 0, 1;
    %store/vec4 v000001e04d179a40_0, 0, 1;
    %pushi/vec4 0, 0, 1;
    %store/vec4 v000001e04d17a4e0_0, 0, 1;
    %pushi/vec4 0, 0, 16;
    %store/vec4 v000001e04d17a120_0, 0, 16;
    %pushi/vec4 3, 0, 32;
T_7.0 %dup/vec4;
    %pushi/vec4 0, 0, 32;
    %cmp/s;
    %jmp/1xz T_7.1, 5;
    %jmp/1 T_7.1, 4;
    %pushi/vec4 1, 0, 32;
    %sub;
    %wait E_000001e04d1145d0;
    %jmp T_7.0;
T_7.1 ;
    %pop/vec4 1;
    %vpi_call/w 3 65 "$display", "Starting tests..." {0 0 0};
    %pushi/vec4 31744, 0, 16;
    %store/vec4 v000001e04d179e00_0, 0, 16;
    %pushi/vec4 31744, 0, 16;
    %store/vec4 v000001e04d1799a0_0, 0, 16;
    %pushi/vec4 0, 0, 1;
    %store/vec4 v000001e04d178b10_0, 0, 1;
    %pushi/vec4 1, 0, 1;
    %store/vec4 v000001e04d179180_0, 0, 1;
    %pushi/vec4 0, 0, 1;
    %store/vec4 v000001e04d178890_0, 0, 1;
    %fork TD_sqrt2_tb.test_sqrt, S_000001e04d036b60;
    %join;
    %pushi/vec4 64512, 0, 16;
    %store/vec4 v000001e04d179e00_0, 0, 16;
    %pushi/vec4 65024, 0, 16;
    %store/vec4 v000001e04d1799a0_0, 0, 16;
    %pushi/vec4 1, 0, 1;
    %store/vec4 v000001e04d178b10_0, 0, 1;
    %pushi/vec4 0, 0, 1;
    %store/vec4 v000001e04d179180_0, 0, 1;
    %pushi/vec4 0, 0, 1;
    %store/vec4 v000001e04d178890_0, 0, 1;
    %fork TD_sqrt2_tb.test_sqrt, S_000001e04d036b60;
    %join;
    %pushi/vec4 32256, 0, 16;
    %store/vec4 v000001e04d179e00_0, 0, 16;
    %pushi/vec4 65024, 0, 16;
    %store/vec4 v000001e04d1799a0_0, 0, 16;
    %pushi/vec4 1, 0, 1;
    %store/vec4 v000001e04d178b10_0, 0, 1;
    %pushi/vec4 0, 0, 1;
    %store/vec4 v000001e04d179180_0, 0, 1;
    %pushi/vec4 0, 0, 1;
    %store/vec4 v000001e04d178890_0, 0, 1;
    %fork TD_sqrt2_tb.test_sqrt, S_000001e04d036b60;
    %join;
    %pushi/vec4 32000, 0, 16;
    %store/vec4 v000001e04d179e00_0, 0, 16;
    %pushi/vec4 65024, 0, 16;
    %store/vec4 v000001e04d1799a0_0, 0, 16;
    %pushi/vec4 1, 0, 1;
    %store/vec4 v000001e04d178b10_0, 0, 1;
    %pushi/vec4 0, 0, 1;
    %store/vec4 v000001e04d179180_0, 0, 1;
    %pushi/vec4 0, 0, 1;
    %store/vec4 v000001e04d178890_0, 0, 1;
    %fork TD_sqrt2_tb.test_sqrt, S_000001e04d036b60;
    %join;
    %pushi/vec4 0, 0, 16;
    %store/vec4 v000001e04d179e00_0, 0, 16;
    %pushi/vec4 0, 0, 16;
    %store/vec4 v000001e04d1799a0_0, 0, 16;
    %pushi/vec4 0, 0, 1;
    %store/vec4 v000001e04d178b10_0, 0, 1;
    %pushi/vec4 0, 0, 1;
    %store/vec4 v000001e04d179180_0, 0, 1;
    %pushi/vec4 0, 0, 1;
    %store/vec4 v000001e04d178890_0, 0, 1;
    %fork TD_sqrt2_tb.test_sqrt, S_000001e04d036b60;
    %join;
    %pushi/vec4 32768, 0, 16;
    %store/vec4 v000001e04d179e00_0, 0, 16;
    %pushi/vec4 32768, 0, 16;
    %store/vec4 v000001e04d1799a0_0, 0, 16;
    %pushi/vec4 0, 0, 1;
    %store/vec4 v000001e04d178b10_0, 0, 1;
    %pushi/vec4 0, 0, 1;
    %store/vec4 v000001e04d179180_0, 0, 1;
    %pushi/vec4 0, 0, 1;
    %store/vec4 v000001e04d178890_0, 0, 1;
    %fork TD_sqrt2_tb.test_sqrt, S_000001e04d036b60;
    %join;
    %pushi/vec4 48128, 0, 16;
    %store/vec4 v000001e04d179e00_0, 0, 16;
    %pushi/vec4 65024, 0, 16;
    %store/vec4 v000001e04d1799a0_0, 0, 16;
    %pushi/vec4 1, 0, 1;
    %store/vec4 v000001e04d178b10_0, 0, 1;
    %pushi/vec4 0, 0, 1;
    %store/vec4 v000001e04d179180_0, 0, 1;
    %pushi/vec4 0, 0, 1;
    %store/vec4 v000001e04d178890_0, 0, 1;
    %fork TD_sqrt2_tb.test_sqrt, S_000001e04d036b60;
    %join;
    %pushi/vec4 50176, 0, 16;
    %store/vec4 v000001e04d179e00_0, 0, 16;
    %pushi/vec4 65024, 0, 16;
    %store/vec4 v000001e04d1799a0_0, 0, 16;
    %pushi/vec4 1, 0, 1;
    %store/vec4 v000001e04d178b10_0, 0, 1;
    %pushi/vec4 0, 0, 1;
    %store/vec4 v000001e04d179180_0, 0, 1;
    %pushi/vec4 0, 0, 1;
    %store/vec4 v000001e04d178890_0, 0, 1;
    %fork TD_sqrt2_tb.test_sqrt, S_000001e04d036b60;
    %join;
    %pushi/vec4 47104, 0, 16;
    %store/vec4 v000001e04d179e00_0, 0, 16;
    %pushi/vec4 65024, 0, 16;
    %store/vec4 v000001e04d1799a0_0, 0, 16;
    %pushi/vec4 1, 0, 1;
    %store/vec4 v000001e04d178b10_0, 0, 1;
    %pushi/vec4 0, 0, 1;
    %store/vec4 v000001e04d179180_0, 0, 1;
    %pushi/vec4 0, 0, 1;
    %store/vec4 v000001e04d178890_0, 0, 1;
    %fork TD_sqrt2_tb.test_sqrt, S_000001e04d036b60;
    %join;
    %pushi/vec4 13312, 0, 16;
    %store/vec4 v000001e04d179e00_0, 0, 16;
    %pushi/vec4 14336, 0, 16;
    %store/vec4 v000001e04d1799a0_0, 0, 16;
    %pushi/vec4 0, 0, 1;
    %store/vec4 v000001e04d178b10_0, 0, 1;
    %pushi/vec4 0, 0, 1;
    %store/vec4 v000001e04d179180_0, 0, 1;
    %pushi/vec4 0, 0, 1;
    %store/vec4 v000001e04d178890_0, 0, 1;
    %fork TD_sqrt2_tb.test_sqrt, S_000001e04d036b60;
    %join;
    %pushi/vec4 15360, 0, 16;
    %store/vec4 v000001e04d179e00_0, 0, 16;
    %pushi/vec4 15360, 0, 16;
    %store/vec4 v000001e04d1799a0_0, 0, 16;
    %pushi/vec4 0, 0, 1;
    %store/vec4 v000001e04d178b10_0, 0, 1;
    %pushi/vec4 0, 0, 1;
    %store/vec4 v000001e04d179180_0, 0, 1;
    %pushi/vec4 0, 0, 1;
    %store/vec4 v000001e04d178890_0, 0, 1;
    %fork TD_sqrt2_tb.test_sqrt, S_000001e04d036b60;
    %join;
    %pushi/vec4 17408, 0, 16;
    %store/vec4 v000001e04d179e00_0, 0, 16;
    %pushi/vec4 16384, 0, 16;
    %store/vec4 v000001e04d1799a0_0, 0, 16;
    %pushi/vec4 0, 0, 1;
    %store/vec4 v000001e04d178b10_0, 0, 1;
    %pushi/vec4 0, 0, 1;
    %store/vec4 v000001e04d179180_0, 0, 1;
    %pushi/vec4 0, 0, 1;
    %store/vec4 v000001e04d178890_0, 0, 1;
    %fork TD_sqrt2_tb.test_sqrt, S_000001e04d036b60;
    %join;
    %pushi/vec4 18560, 0, 16;
    %store/vec4 v000001e04d179e00_0, 0, 16;
    %pushi/vec4 16896, 0, 16;
    %store/vec4 v000001e04d1799a0_0, 0, 16;
    %pushi/vec4 0, 0, 1;
    %store/vec4 v000001e04d178b10_0, 0, 1;
    %pushi/vec4 0, 0, 1;
    %store/vec4 v000001e04d179180_0, 0, 1;
    %pushi/vec4 0, 0, 1;
    %store/vec4 v000001e04d178890_0, 0, 1;
    %fork TD_sqrt2_tb.test_sqrt, S_000001e04d036b60;
    %join;
    %pushi/vec4 19456, 0, 16;
    %store/vec4 v000001e04d179e00_0, 0, 16;
    %pushi/vec4 17408, 0, 16;
    %store/vec4 v000001e04d1799a0_0, 0, 16;
    %pushi/vec4 0, 0, 1;
    %store/vec4 v000001e04d178b10_0, 0, 1;
    %pushi/vec4 0, 0, 1;
    %store/vec4 v000001e04d179180_0, 0, 1;
    %pushi/vec4 0, 0, 1;
    %store/vec4 v000001e04d178890_0, 0, 1;
    %fork TD_sqrt2_tb.test_sqrt, S_000001e04d036b60;
    %join;
    %pushi/vec4 20032, 0, 16;
    %store/vec4 v000001e04d179e00_0, 0, 16;
    %pushi/vec4 17664, 0, 16;
    %store/vec4 v000001e04d1799a0_0, 0, 16;
    %pushi/vec4 0, 0, 1;
    %store/vec4 v000001e04d178b10_0, 0, 1;
    %pushi/vec4 0, 0, 1;
    %store/vec4 v000001e04d179180_0, 0, 1;
    %pushi/vec4 0, 0, 1;
    %store/vec4 v000001e04d178890_0, 0, 1;
    %fork TD_sqrt2_tb.test_sqrt, S_000001e04d036b60;
    %join;
    %pushi/vec4 20608, 0, 16;
    %store/vec4 v000001e04d179e00_0, 0, 16;
    %pushi/vec4 17920, 0, 16;
    %store/vec4 v000001e04d1799a0_0, 0, 16;
    %pushi/vec4 0, 0, 1;
    %store/vec4 v000001e04d178b10_0, 0, 1;
    %pushi/vec4 0, 0, 1;
    %store/vec4 v000001e04d179180_0, 0, 1;
    %pushi/vec4 0, 0, 1;
    %store/vec4 v000001e04d178890_0, 0, 1;
    %fork TD_sqrt2_tb.test_sqrt, S_000001e04d036b60;
    %join;
    %pushi/vec4 21024, 0, 16;
    %store/vec4 v000001e04d179e00_0, 0, 16;
    %pushi/vec4 18176, 0, 16;
    %store/vec4 v000001e04d1799a0_0, 0, 16;
    %pushi/vec4 0, 0, 1;
    %store/vec4 v000001e04d178b10_0, 0, 1;
    %pushi/vec4 0, 0, 1;
    %store/vec4 v000001e04d179180_0, 0, 1;
    %pushi/vec4 0, 0, 1;
    %store/vec4 v000001e04d178890_0, 0, 1;
    %fork TD_sqrt2_tb.test_sqrt, S_000001e04d036b60;
    %join;
    %pushi/vec4 21504, 0, 16;
    %store/vec4 v000001e04d179e00_0, 0, 16;
    %pushi/vec4 18432, 0, 16;
    %store/vec4 v000001e04d1799a0_0, 0, 16;
    %pushi/vec4 0, 0, 1;
    %store/vec4 v000001e04d178b10_0, 0, 1;
    %pushi/vec4 0, 0, 1;
    %store/vec4 v000001e04d179180_0, 0, 1;
    %pushi/vec4 0, 0, 1;
    %store/vec4 v000001e04d178890_0, 0, 1;
    %fork TD_sqrt2_tb.test_sqrt, S_000001e04d036b60;
    %join;
    %pushi/vec4 21776, 0, 16;
    %store/vec4 v000001e04d179e00_0, 0, 16;
    %pushi/vec4 18560, 0, 16;
    %store/vec4 v000001e04d1799a0_0, 0, 16;
    %pushi/vec4 0, 0, 1;
    %store/vec4 v000001e04d178b10_0, 0, 1;
    %pushi/vec4 0, 0, 1;
    %store/vec4 v000001e04d179180_0, 0, 1;
    %pushi/vec4 0, 0, 1;
    %store/vec4 v000001e04d178890_0, 0, 1;
    %fork TD_sqrt2_tb.test_sqrt, S_000001e04d036b60;
    %join;
    %pushi/vec4 22080, 0, 16;
    %store/vec4 v000001e04d179e00_0, 0, 16;
    %pushi/vec4 18688, 0, 16;
    %store/vec4 v000001e04d1799a0_0, 0, 16;
    %pushi/vec4 0, 0, 1;
    %store/vec4 v000001e04d178b10_0, 0, 1;
    %pushi/vec4 0, 0, 1;
    %store/vec4 v000001e04d179180_0, 0, 1;
    %pushi/vec4 0, 0, 1;
    %store/vec4 v000001e04d178890_0, 0, 1;
    %fork TD_sqrt2_tb.test_sqrt, S_000001e04d036b60;
    %join;
    %pushi/vec4 10240, 0, 16;
    %store/vec4 v000001e04d179e00_0, 0, 16;
    %pushi/vec4 12712, 0, 16;
    %store/vec4 v000001e04d1799a0_0, 0, 16;
    %pushi/vec4 0, 0, 1;
    %store/vec4 v000001e04d178b10_0, 0, 1;
    %pushi/vec4 0, 0, 1;
    %store/vec4 v000001e04d179180_0, 0, 1;
    %pushi/vec4 0, 0, 1;
    %store/vec4 v000001e04d178890_0, 0, 1;
    %fork TD_sqrt2_tb.test_sqrt, S_000001e04d036b60;
    %join;
    %pushi/vec4 12288, 0, 16;
    %store/vec4 v000001e04d179e00_0, 0, 16;
    %pushi/vec4 13736, 0, 16;
    %store/vec4 v000001e04d1799a0_0, 0, 16;
    %pushi/vec4 0, 0, 1;
    %store/vec4 v000001e04d178b10_0, 0, 1;
    %pushi/vec4 0, 0, 1;
    %store/vec4 v000001e04d179180_0, 0, 1;
    %pushi/vec4 0, 0, 1;
    %store/vec4 v000001e04d178890_0, 0, 1;
    %fork TD_sqrt2_tb.test_sqrt, S_000001e04d036b60;
    %join;
    %pushi/vec4 13312, 0, 16;
    %store/vec4 v000001e04d179e00_0, 0, 16;
    %pushi/vec4 14336, 0, 16;
    %store/vec4 v000001e04d1799a0_0, 0, 16;
    %pushi/vec4 0, 0, 1;
    %store/vec4 v000001e04d178b10_0, 0, 1;
    %pushi/vec4 0, 0, 1;
    %store/vec4 v000001e04d179180_0, 0, 1;
    %pushi/vec4 0, 0, 1;
    %store/vec4 v000001e04d178890_0, 0, 1;
    %fork TD_sqrt2_tb.test_sqrt, S_000001e04d036b60;
    %join;
    %pushi/vec4 14336, 0, 16;
    %store/vec4 v000001e04d179e00_0, 0, 16;
    %pushi/vec4 14760, 0, 16;
    %store/vec4 v000001e04d1799a0_0, 0, 16;
    %pushi/vec4 0, 0, 1;
    %store/vec4 v000001e04d178b10_0, 0, 1;
    %pushi/vec4 0, 0, 1;
    %store/vec4 v000001e04d179180_0, 0, 1;
    %pushi/vec4 0, 0, 1;
    %store/vec4 v000001e04d178890_0, 0, 1;
    %fork TD_sqrt2_tb.test_sqrt, S_000001e04d036b60;
    %join;
    %pushi/vec4 16384, 0, 16;
    %store/vec4 v000001e04d179e00_0, 0, 16;
    %pushi/vec4 15784, 0, 16;
    %store/vec4 v000001e04d1799a0_0, 0, 16;
    %pushi/vec4 0, 0, 1;
    %store/vec4 v000001e04d178b10_0, 0, 1;
    %pushi/vec4 0, 0, 1;
    %store/vec4 v000001e04d179180_0, 0, 1;
    %pushi/vec4 0, 0, 1;
    %store/vec4 v000001e04d178890_0, 0, 1;
    %fork TD_sqrt2_tb.test_sqrt, S_000001e04d036b60;
    %join;
    %pushi/vec4 17408, 0, 16;
    %store/vec4 v000001e04d179e00_0, 0, 16;
    %pushi/vec4 16384, 0, 16;
    %store/vec4 v000001e04d1799a0_0, 0, 16;
    %pushi/vec4 0, 0, 1;
    %store/vec4 v000001e04d178b10_0, 0, 1;
    %pushi/vec4 0, 0, 1;
    %store/vec4 v000001e04d179180_0, 0, 1;
    %pushi/vec4 0, 0, 1;
    %store/vec4 v000001e04d178890_0, 0, 1;
    %fork TD_sqrt2_tb.test_sqrt, S_000001e04d036b60;
    %join;
    %pushi/vec4 18432, 0, 16;
    %store/vec4 v000001e04d179e00_0, 0, 16;
    %pushi/vec4 16808, 0, 16;
    %store/vec4 v000001e04d1799a0_0, 0, 16;
    %pushi/vec4 0, 0, 1;
    %store/vec4 v000001e04d178b10_0, 0, 1;
    %pushi/vec4 0, 0, 1;
    %store/vec4 v000001e04d179180_0, 0, 1;
    %pushi/vec4 0, 0, 1;
    %store/vec4 v000001e04d178890_0, 0, 1;
    %fork TD_sqrt2_tb.test_sqrt, S_000001e04d036b60;
    %join;
    %pushi/vec4 19456, 0, 16;
    %store/vec4 v000001e04d179e00_0, 0, 16;
    %pushi/vec4 17408, 0, 16;
    %store/vec4 v000001e04d1799a0_0, 0, 16;
    %pushi/vec4 0, 0, 1;
    %store/vec4 v000001e04d178b10_0, 0, 1;
    %pushi/vec4 0, 0, 1;
    %store/vec4 v000001e04d179180_0, 0, 1;
    %pushi/vec4 0, 0, 1;
    %store/vec4 v000001e04d178890_0, 0, 1;
    %fork TD_sqrt2_tb.test_sqrt, S_000001e04d036b60;
    %join;
    %pushi/vec4 20480, 0, 16;
    %store/vec4 v000001e04d179e00_0, 0, 16;
    %pushi/vec4 17832, 0, 16;
    %store/vec4 v000001e04d1799a0_0, 0, 16;
    %pushi/vec4 0, 0, 1;
    %store/vec4 v000001e04d178b10_0, 0, 1;
    %pushi/vec4 0, 0, 1;
    %store/vec4 v000001e04d179180_0, 0, 1;
    %pushi/vec4 0, 0, 1;
    %store/vec4 v000001e04d178890_0, 0, 1;
    %fork TD_sqrt2_tb.test_sqrt, S_000001e04d036b60;
    %join;
    %pushi/vec4 21504, 0, 16;
    %store/vec4 v000001e04d179e00_0, 0, 16;
    %pushi/vec4 18432, 0, 16;
    %store/vec4 v000001e04d1799a0_0, 0, 16;
    %pushi/vec4 0, 0, 1;
    %store/vec4 v000001e04d178b10_0, 0, 1;
    %pushi/vec4 0, 0, 1;
    %store/vec4 v000001e04d179180_0, 0, 1;
    %pushi/vec4 0, 0, 1;
    %store/vec4 v000001e04d178890_0, 0, 1;
    %fork TD_sqrt2_tb.test_sqrt, S_000001e04d036b60;
    %join;
    %pushi/vec4 22528, 0, 16;
    %store/vec4 v000001e04d179e00_0, 0, 16;
    %pushi/vec4 18856, 0, 16;
    %store/vec4 v000001e04d1799a0_0, 0, 16;
    %pushi/vec4 0, 0, 1;
    %store/vec4 v000001e04d178b10_0, 0, 1;
    %pushi/vec4 0, 0, 1;
    %store/vec4 v000001e04d179180_0, 0, 1;
    %pushi/vec4 0, 0, 1;
    %store/vec4 v000001e04d178890_0, 0, 1;
    %fork TD_sqrt2_tb.test_sqrt, S_000001e04d036b60;
    %join;
    %pushi/vec4 23552, 0, 16;
    %store/vec4 v000001e04d179e00_0, 0, 16;
    %pushi/vec4 19456, 0, 16;
    %store/vec4 v000001e04d1799a0_0, 0, 16;
    %pushi/vec4 0, 0, 1;
    %store/vec4 v000001e04d178b10_0, 0, 1;
    %pushi/vec4 0, 0, 1;
    %store/vec4 v000001e04d179180_0, 0, 1;
    %pushi/vec4 0, 0, 1;
    %store/vec4 v000001e04d178890_0, 0, 1;
    %fork TD_sqrt2_tb.test_sqrt, S_000001e04d036b60;
    %join;
    %pushi/vec4 24576, 0, 16;
    %store/vec4 v000001e04d179e00_0, 0, 16;
    %pushi/vec4 19880, 0, 16;
    %store/vec4 v000001e04d1799a0_0, 0, 16;
    %pushi/vec4 0, 0, 1;
    %store/vec4 v000001e04d178b10_0, 0, 1;
    %pushi/vec4 0, 0, 1;
    %store/vec4 v000001e04d179180_0, 0, 1;
    %pushi/vec4 0, 0, 1;
    %store/vec4 v000001e04d178890_0, 0, 1;
    %fork TD_sqrt2_tb.test_sqrt, S_000001e04d036b60;
    %join;
    %pushi/vec4 25600, 0, 16;
    %store/vec4 v000001e04d179e00_0, 0, 16;
    %pushi/vec4 20480, 0, 16;
    %store/vec4 v000001e04d1799a0_0, 0, 16;
    %pushi/vec4 0, 0, 1;
    %store/vec4 v000001e04d178b10_0, 0, 1;
    %pushi/vec4 0, 0, 1;
    %store/vec4 v000001e04d179180_0, 0, 1;
    %pushi/vec4 0, 0, 1;
    %store/vec4 v000001e04d178890_0, 0, 1;
    %fork TD_sqrt2_tb.test_sqrt, S_000001e04d036b60;
    %join;
    %pushi/vec4 16896, 0, 16;
    %store/vec4 v000001e04d179e00_0, 0, 16;
    %pushi/vec4 16109, 0, 16;
    %store/vec4 v000001e04d1799a0_0, 0, 16;
    %pushi/vec4 0, 0, 1;
    %store/vec4 v000001e04d178b10_0, 0, 1;
    %pushi/vec4 0, 0, 1;
    %store/vec4 v000001e04d179180_0, 0, 1;
    %pushi/vec4 0, 0, 1;
    %store/vec4 v000001e04d178890_0, 0, 1;
    %fork TD_sqrt2_tb.test_sqrt, S_000001e04d036b60;
    %join;
    %pushi/vec4 17664, 0, 16;
    %store/vec4 v000001e04d179e00_0, 0, 16;
    %pushi/vec4 16504, 0, 16;
    %store/vec4 v000001e04d1799a0_0, 0, 16;
    %pushi/vec4 0, 0, 1;
    %store/vec4 v000001e04d178b10_0, 0, 1;
    %pushi/vec4 0, 0, 1;
    %store/vec4 v000001e04d179180_0, 0, 1;
    %pushi/vec4 0, 0, 1;
    %store/vec4 v000001e04d178890_0, 0, 1;
    %fork TD_sqrt2_tb.test_sqrt, S_000001e04d036b60;
    %join;
    %pushi/vec4 17920, 0, 16;
    %store/vec4 v000001e04d179e00_0, 0, 16;
    %pushi/vec4 16614, 0, 16;
    %store/vec4 v000001e04d1799a0_0, 0, 16;
    %pushi/vec4 0, 0, 1;
    %store/vec4 v000001e04d178b10_0, 0, 1;
    %pushi/vec4 0, 0, 1;
    %store/vec4 v000001e04d179180_0, 0, 1;
    %pushi/vec4 0, 0, 1;
    %store/vec4 v000001e04d178890_0, 0, 1;
    %fork TD_sqrt2_tb.test_sqrt, S_000001e04d036b60;
    %join;
    %pushi/vec4 18176, 0, 16;
    %store/vec4 v000001e04d179e00_0, 0, 16;
    %pushi/vec4 16714, 0, 16;
    %store/vec4 v000001e04d1799a0_0, 0, 16;
    %pushi/vec4 0, 0, 1;
    %store/vec4 v000001e04d178b10_0, 0, 1;
    %pushi/vec4 0, 0, 1;
    %store/vec4 v000001e04d179180_0, 0, 1;
    %pushi/vec4 0, 0, 1;
    %store/vec4 v000001e04d178890_0, 0, 1;
    %fork TD_sqrt2_tb.test_sqrt, S_000001e04d036b60;
    %join;
    %pushi/vec4 18688, 0, 16;
    %store/vec4 v000001e04d179e00_0, 0, 16;
    %pushi/vec4 16979, 0, 16;
    %store/vec4 v000001e04d1799a0_0, 0, 16;
    %pushi/vec4 0, 0, 1;
    %store/vec4 v000001e04d178b10_0, 0, 1;
    %pushi/vec4 0, 0, 1;
    %store/vec4 v000001e04d179180_0, 0, 1;
    %pushi/vec4 0, 0, 1;
    %store/vec4 v000001e04d178890_0, 0, 1;
    %fork TD_sqrt2_tb.test_sqrt, S_000001e04d036b60;
    %join;
    %pushi/vec4 18944, 0, 16;
    %store/vec4 v000001e04d179e00_0, 0, 16;
    %pushi/vec4 17133, 0, 16;
    %store/vec4 v000001e04d1799a0_0, 0, 16;
    %pushi/vec4 0, 0, 1;
    %store/vec4 v000001e04d178b10_0, 0, 1;
    %pushi/vec4 0, 0, 1;
    %store/vec4 v000001e04d179180_0, 0, 1;
    %pushi/vec4 0, 0, 1;
    %store/vec4 v000001e04d178890_0, 0, 1;
    %fork TD_sqrt2_tb.test_sqrt, S_000001e04d036b60;
    %join;
    %pushi/vec4 19328, 0, 16;
    %store/vec4 v000001e04d179e00_0, 0, 16;
    %pushi/vec4 17342, 0, 16;
    %store/vec4 v000001e04d1799a0_0, 0, 16;
    %pushi/vec4 0, 0, 1;
    %store/vec4 v000001e04d178b10_0, 0, 1;
    %pushi/vec4 0, 0, 1;
    %store/vec4 v000001e04d179180_0, 0, 1;
    %pushi/vec4 0, 0, 1;
    %store/vec4 v000001e04d178890_0, 0, 1;
    %fork TD_sqrt2_tb.test_sqrt, S_000001e04d036b60;
    %join;
    %pushi/vec4 19712, 0, 16;
    %store/vec4 v000001e04d179e00_0, 0, 16;
    %pushi/vec4 17528, 0, 16;
    %store/vec4 v000001e04d1799a0_0, 0, 16;
    %pushi/vec4 0, 0, 1;
    %store/vec4 v000001e04d178b10_0, 0, 1;
    %pushi/vec4 0, 0, 1;
    %store/vec4 v000001e04d179180_0, 0, 1;
    %pushi/vec4 0, 0, 1;
    %store/vec4 v000001e04d178890_0, 0, 1;
    %fork TD_sqrt2_tb.test_sqrt, S_000001e04d036b60;
    %join;
    %pushi/vec4 11878, 0, 16;
    %store/vec4 v000001e04d179e00_0, 0, 16;
    %pushi/vec4 13583, 0, 16;
    %store/vec4 v000001e04d1799a0_0, 0, 16;
    %pushi/vec4 0, 0, 1;
    %store/vec4 v000001e04d178b10_0, 0, 1;
    %pushi/vec4 0, 0, 1;
    %store/vec4 v000001e04d179180_0, 0, 1;
    %pushi/vec4 0, 0, 1;
    %store/vec4 v000001e04d178890_0, 0, 1;
    %fork TD_sqrt2_tb.test_sqrt, S_000001e04d036b60;
    %join;
    %pushi/vec4 14848, 0, 16;
    %store/vec4 v000001e04d179e00_0, 0, 16;
    %pushi/vec4 15085, 0, 16;
    %store/vec4 v000001e04d1799a0_0, 0, 16;
    %pushi/vec4 0, 0, 1;
    %store/vec4 v000001e04d178b10_0, 0, 1;
    %pushi/vec4 0, 0, 1;
    %store/vec4 v000001e04d179180_0, 0, 1;
    %pushi/vec4 0, 0, 1;
    %store/vec4 v000001e04d178890_0, 0, 1;
    %fork TD_sqrt2_tb.test_sqrt, S_000001e04d036b60;
    %join;
    %pushi/vec4 1024, 0, 16;
    %store/vec4 v000001e04d179e00_0, 0, 16;
    %pushi/vec4 8192, 0, 16;
    %store/vec4 v000001e04d1799a0_0, 0, 16;
    %pushi/vec4 0, 0, 1;
    %store/vec4 v000001e04d178b10_0, 0, 1;
    %pushi/vec4 0, 0, 1;
    %store/vec4 v000001e04d179180_0, 0, 1;
    %pushi/vec4 0, 0, 1;
    %store/vec4 v000001e04d178890_0, 0, 1;
    %fork TD_sqrt2_tb.test_sqrt, S_000001e04d036b60;
    %join;
    %pushi/vec4 2048, 0, 16;
    %store/vec4 v000001e04d179e00_0, 0, 16;
    %pushi/vec4 8616, 0, 16;
    %store/vec4 v000001e04d1799a0_0, 0, 16;
    %pushi/vec4 0, 0, 1;
    %store/vec4 v000001e04d178b10_0, 0, 1;
    %pushi/vec4 0, 0, 1;
    %store/vec4 v000001e04d179180_0, 0, 1;
    %pushi/vec4 0, 0, 1;
    %store/vec4 v000001e04d178890_0, 0, 1;
    %fork TD_sqrt2_tb.test_sqrt, S_000001e04d036b60;
    %join;
    %pushi/vec4 3072, 0, 16;
    %store/vec4 v000001e04d179e00_0, 0, 16;
    %pushi/vec4 9216, 0, 16;
    %store/vec4 v000001e04d1799a0_0, 0, 16;
    %pushi/vec4 0, 0, 1;
    %store/vec4 v000001e04d178b10_0, 0, 1;
    %pushi/vec4 0, 0, 1;
    %store/vec4 v000001e04d179180_0, 0, 1;
    %pushi/vec4 0, 0, 1;
    %store/vec4 v000001e04d178890_0, 0, 1;
    %fork TD_sqrt2_tb.test_sqrt, S_000001e04d036b60;
    %join;
    %pushi/vec4 5120, 0, 16;
    %store/vec4 v000001e04d179e00_0, 0, 16;
    %pushi/vec4 10240, 0, 16;
    %store/vec4 v000001e04d1799a0_0, 0, 16;
    %pushi/vec4 0, 0, 1;
    %store/vec4 v000001e04d178b10_0, 0, 1;
    %pushi/vec4 0, 0, 1;
    %store/vec4 v000001e04d179180_0, 0, 1;
    %pushi/vec4 0, 0, 1;
    %store/vec4 v000001e04d178890_0, 0, 1;
    %fork TD_sqrt2_tb.test_sqrt, S_000001e04d036b60;
    %join;
    %pushi/vec4 1, 0, 16;
    %store/vec4 v000001e04d179e00_0, 0, 16;
    %pushi/vec4 3072, 0, 16;
    %store/vec4 v000001e04d1799a0_0, 0, 16;
    %pushi/vec4 0, 0, 1;
    %store/vec4 v000001e04d178b10_0, 0, 1;
    %pushi/vec4 0, 0, 1;
    %store/vec4 v000001e04d179180_0, 0, 1;
    %pushi/vec4 0, 0, 1;
    %store/vec4 v000001e04d178890_0, 0, 1;
    %fork TD_sqrt2_tb.test_sqrt, S_000001e04d036b60;
    %join;
    %pushi/vec4 2, 0, 16;
    %store/vec4 v000001e04d179e00_0, 0, 16;
    %pushi/vec4 3496, 0, 16;
    %store/vec4 v000001e04d1799a0_0, 0, 16;
    %pushi/vec4 0, 0, 1;
    %store/vec4 v000001e04d178b10_0, 0, 1;
    %pushi/vec4 0, 0, 1;
    %store/vec4 v000001e04d179180_0, 0, 1;
    %pushi/vec4 0, 0, 1;
    %store/vec4 v000001e04d178890_0, 0, 1;
    %fork TD_sqrt2_tb.test_sqrt, S_000001e04d036b60;
    %join;
    %pushi/vec4 4, 0, 16;
    %store/vec4 v000001e04d179e00_0, 0, 16;
    %pushi/vec4 4096, 0, 16;
    %store/vec4 v000001e04d1799a0_0, 0, 16;
    %pushi/vec4 0, 0, 1;
    %store/vec4 v000001e04d178b10_0, 0, 1;
    %pushi/vec4 0, 0, 1;
    %store/vec4 v000001e04d179180_0, 0, 1;
    %pushi/vec4 0, 0, 1;
    %store/vec4 v000001e04d178890_0, 0, 1;
    %fork TD_sqrt2_tb.test_sqrt, S_000001e04d036b60;
    %join;
    %pushi/vec4 8, 0, 16;
    %store/vec4 v000001e04d179e00_0, 0, 16;
    %pushi/vec4 4520, 0, 16;
    %store/vec4 v000001e04d1799a0_0, 0, 16;
    %pushi/vec4 0, 0, 1;
    %store/vec4 v000001e04d178b10_0, 0, 1;
    %pushi/vec4 0, 0, 1;
    %store/vec4 v000001e04d179180_0, 0, 1;
    %pushi/vec4 0, 0, 1;
    %store/vec4 v000001e04d178890_0, 0, 1;
    %fork TD_sqrt2_tb.test_sqrt, S_000001e04d036b60;
    %join;
    %pushi/vec4 16, 0, 16;
    %store/vec4 v000001e04d179e00_0, 0, 16;
    %pushi/vec4 5120, 0, 16;
    %store/vec4 v000001e04d1799a0_0, 0, 16;
    %pushi/vec4 0, 0, 1;
    %store/vec4 v000001e04d178b10_0, 0, 1;
    %pushi/vec4 0, 0, 1;
    %store/vec4 v000001e04d179180_0, 0, 1;
    %pushi/vec4 0, 0, 1;
    %store/vec4 v000001e04d178890_0, 0, 1;
    %fork TD_sqrt2_tb.test_sqrt, S_000001e04d036b60;
    %join;
    %pushi/vec4 32, 0, 16;
    %store/vec4 v000001e04d179e00_0, 0, 16;
    %pushi/vec4 5544, 0, 16;
    %store/vec4 v000001e04d1799a0_0, 0, 16;
    %pushi/vec4 0, 0, 1;
    %store/vec4 v000001e04d178b10_0, 0, 1;
    %pushi/vec4 0, 0, 1;
    %store/vec4 v000001e04d179180_0, 0, 1;
    %pushi/vec4 0, 0, 1;
    %store/vec4 v000001e04d178890_0, 0, 1;
    %fork TD_sqrt2_tb.test_sqrt, S_000001e04d036b60;
    %join;
    %pushi/vec4 64, 0, 16;
    %store/vec4 v000001e04d179e00_0, 0, 16;
    %pushi/vec4 6144, 0, 16;
    %store/vec4 v000001e04d1799a0_0, 0, 16;
    %pushi/vec4 0, 0, 1;
    %store/vec4 v000001e04d178b10_0, 0, 1;
    %pushi/vec4 0, 0, 1;
    %store/vec4 v000001e04d179180_0, 0, 1;
    %pushi/vec4 0, 0, 1;
    %store/vec4 v000001e04d178890_0, 0, 1;
    %fork TD_sqrt2_tb.test_sqrt, S_000001e04d036b60;
    %join;
    %pushi/vec4 1023, 0, 16;
    %store/vec4 v000001e04d179e00_0, 0, 16;
    %pushi/vec4 8190, 0, 16;
    %store/vec4 v000001e04d1799a0_0, 0, 16;
    %pushi/vec4 0, 0, 1;
    %store/vec4 v000001e04d178b10_0, 0, 1;
    %pushi/vec4 0, 0, 1;
    %store/vec4 v000001e04d179180_0, 0, 1;
    %pushi/vec4 0, 0, 1;
    %store/vec4 v000001e04d178890_0, 0, 1;
    %fork TD_sqrt2_tb.test_sqrt, S_000001e04d036b60;
    %join;
    %pushi/vec4 25576, 0, 16;
    %store/vec4 v000001e04d179e00_0, 0, 16;
    %pushi/vec4 20467, 0, 16;
    %store/vec4 v000001e04d1799a0_0, 0, 16;
    %pushi/vec4 0, 0, 1;
    %store/vec4 v000001e04d178b10_0, 0, 1;
    %pushi/vec4 0, 0, 1;
    %store/vec4 v000001e04d179180_0, 0, 1;
    %pushi/vec4 0, 0, 1;
    %store/vec4 v000001e04d178890_0, 0, 1;
    %fork TD_sqrt2_tb.test_sqrt, S_000001e04d036b60;
    %join;
    %pushi/vec4 26576, 0, 16;
    %store/vec4 v000001e04d179e00_0, 0, 16;
    %pushi/vec4 20887, 0, 16;
    %store/vec4 v000001e04d1799a0_0, 0, 16;
    %pushi/vec4 0, 0, 1;
    %store/vec4 v000001e04d178b10_0, 0, 1;
    %pushi/vec4 0, 0, 1;
    %store/vec4 v000001e04d179180_0, 0, 1;
    %pushi/vec4 0, 0, 1;
    %store/vec4 v000001e04d178890_0, 0, 1;
    %fork TD_sqrt2_tb.test_sqrt, S_000001e04d036b60;
    %join;
    %pushi/vec4 28898, 0, 16;
    %store/vec4 v000001e04d179e00_0, 0, 16;
    %pushi/vec4 22080, 0, 16;
    %store/vec4 v000001e04d1799a0_0, 0, 16;
    %pushi/vec4 0, 0, 1;
    %store/vec4 v000001e04d178b10_0, 0, 1;
    %pushi/vec4 0, 0, 1;
    %store/vec4 v000001e04d179180_0, 0, 1;
    %pushi/vec4 0, 0, 1;
    %store/vec4 v000001e04d178890_0, 0, 1;
    %fork TD_sqrt2_tb.test_sqrt, S_000001e04d036b60;
    %join;
    %pushi/vec4 31743, 0, 16;
    %store/vec4 v000001e04d179e00_0, 0, 16;
    %pushi/vec4 23551, 0, 16;
    %store/vec4 v000001e04d1799a0_0, 0, 16;
    %pushi/vec4 0, 0, 1;
    %store/vec4 v000001e04d178b10_0, 0, 1;
    %pushi/vec4 0, 0, 1;
    %store/vec4 v000001e04d179180_0, 0, 1;
    %pushi/vec4 0, 0, 1;
    %store/vec4 v000001e04d178890_0, 0, 1;
    %fork TD_sqrt2_tb.test_sqrt, S_000001e04d036b60;
    %join;
    %load/vec4 v000001e04d17ad00_0;
    %load/vec4 v000001e04d179fe0_0;
    %sub;
    %vpi_call/w 3 136 "$display", "Tests completed: %0d passed, %0d failed", S<0,vec4,u32>, v000001e04d179fe0_0 {1 0 0};
    %load/vec4 v000001e04d179fe0_0;
    %cmpi/e 0, 0, 32;
    %jmp/0xz  T_7.2, 4;
    %vpi_call/w 3 139 "$finish" {0 0 0};
    %jmp T_7.3;
T_7.2 ;
    %vpi_call/w 3 141 "$fatal", 32'sb00000000000000000000000000000010, "Tests failed" {0 0 0};
T_7.3 ;
    %end;
    .thread T_7;
    .scope S_000001e04d0978d0;
T_8 ;
    %delay 500000000, 0;
    %vpi_call/w 3 194 "$fatal", 32'sb00000000000000000000000000000010, "Simulation timeout" {0 0 0};
    %end;
    .thread T_8;
# The file index is used to find the file name in the following table.
:file_names 10;
    "N/A";
    "<interactive>";
    "-";
    "sqrt2_tb.sv";
    "./sqrt2_b.sv";
    "./iterate.v";
    "./load.v";
    "./normalize.v";
    "./pack.v";
    "./special.v";
